2019/09/05 13:58:20 [error] [php] include(categoria.php): failed to open stream: No such file or directory (/data/www/yii/framework/YiiBase.php:463)
Stack trace:
#0 /data/www/teste/protected/views/filmes/_form.php(57): spl_autoload_call()
#1 /data/www/yii/framework/web/CBaseController.php(126): require()
#2 /data/www/yii/framework/web/CBaseController.php(95): FilmesController->renderInternal()
#3 /data/www/yii/framework/web/CController.php(872): FilmesController->renderFile()
#4 /data/www/teste/protected/views/filmes/create.php(19): FilmesController->renderPartial()
#5 /data/www/yii/framework/web/CBaseController.php(126): require()
#6 /data/www/yii/framework/web/CBaseController.php(95): FilmesController->renderInternal()
#7 /data/www/yii/framework/web/CController.php(872): FilmesController->renderFile()
#8 /data/www/yii/framework/web/CController.php(785): FilmesController->renderPartial()
#9 /data/www/teste/protected/controllers/FilmesController.php(78): FilmesController->render()
#10 /data/www/yii/framework/web/actions/CInlineAction.php(49): FilmesController->actionCreate()
#11 /data/www/yii/framework/web/CController.php(308): CInlineAction->runWithParams()
#12 /data/www/yii/framework/web/filters/CFilterChain.php(134): FilmesController->runAction()
#13 /data/www/yii/framework/web/filters/CFilter.php(40): CFilterChain->run()
#14 /data/www/yii/framework/web/CController.php(1148): CAccessControlFilter->filter()
#15 /data/www/yii/framework/web/filters/CInlineFilter.php(58): FilmesController->filterAccessControl()
#16 /data/www/yii/framework/web/filters/CFilterChain.php(131): CInlineFilter->filter()
#17 /data/www/yii/framework/web/CController.php(291): CFilterChain->run()
#18 /data/www/yii/framework/web/CController.php(265): FilmesController->runActionWithFilters()
#19 /data/www/yii/framework/web/CWebApplication.php(282): FilmesController->run()
#20 /data/www/yii/framework/web/CWebApplication.php(141): CWebApplication->runController()
#21 /data/www/yii/framework/base/CApplication.php(185): CWebApplication->processRequest()
#22 /data/www/teste/index.php(13): CWebApplication->run()
REQUEST_URI=/teste/index.php?r=filmes/create
in /data/www/teste/protected/views/filmes/_form.php (57)
in /data/www/teste/protected/views/filmes/create.php (19)
in /data/www/teste/protected/controllers/FilmesController.php (78)
2019/09/05 14:15:31 [error] [php] Undefined variable: data (/data/www/teste/protected/views/filmes/_form.php:55)
Stack trace:
#0 /data/www/yii/framework/web/CController.php(872): FilmesController->renderFile()
#1 /data/www/teste/protected/views/filmes/create.php(19): FilmesController->renderPartial()
#2 /data/www/yii/framework/web/CBaseController.php(126): require()
#3 /data/www/yii/framework/web/CBaseController.php(95): FilmesController->renderInternal()
#4 /data/www/yii/framework/web/CController.php(872): FilmesController->renderFile()
#5 /data/www/yii/framework/web/CController.php(785): FilmesController->renderPartial()
#6 /data/www/teste/protected/controllers/FilmesController.php(78): FilmesController->render()
#7 /data/www/yii/framework/web/actions/CInlineAction.php(49): FilmesController->actionCreate()
#8 /data/www/yii/framework/web/CController.php(308): CInlineAction->runWithParams()
#9 /data/www/yii/framework/web/filters/CFilterChain.php(134): FilmesController->runAction()
#10 /data/www/yii/framework/web/filters/CFilter.php(40): CFilterChain->run()
#11 /data/www/yii/framework/web/CController.php(1148): CAccessControlFilter->filter()
#12 /data/www/yii/framework/web/filters/CInlineFilter.php(58): FilmesController->filterAccessControl()
#13 /data/www/yii/framework/web/filters/CFilterChain.php(131): CInlineFilter->filter()
#14 /data/www/yii/framework/web/CController.php(291): CFilterChain->run()
#15 /data/www/yii/framework/web/CController.php(265): FilmesController->runActionWithFilters()
#16 /data/www/yii/framework/web/CWebApplication.php(282): FilmesController->run()
#17 /data/www/yii/framework/web/CWebApplication.php(141): CWebApplication->runController()
#18 /data/www/yii/framework/base/CApplication.php(185): CWebApplication->processRequest()
#19 /data/www/teste/index.php(13): CWebApplication->run()
REQUEST_URI=/teste/index.php?r=filmes/create
in /data/www/teste/protected/views/filmes/_form.php (55)
in /data/www/teste/protected/views/filmes/create.php (19)
in /data/www/teste/protected/controllers/FilmesController.php (78)
2019/09/05 14:17:41 [error] [php] Undefined variable: Categoria (/data/www/teste/protected/views/filmes/_form.php:55)
Stack trace:
#0 /data/www/yii/framework/web/CController.php(872): FilmesController->renderFile()
#1 /data/www/teste/protected/views/filmes/create.php(19): FilmesController->renderPartial()
#2 /data/www/yii/framework/web/CBaseController.php(126): require()
#3 /data/www/yii/framework/web/CBaseController.php(95): FilmesController->renderInternal()
#4 /data/www/yii/framework/web/CController.php(872): FilmesController->renderFile()
#5 /data/www/yii/framework/web/CController.php(785): FilmesController->renderPartial()
#6 /data/www/teste/protected/controllers/FilmesController.php(78): FilmesController->render()
#7 /data/www/yii/framework/web/actions/CInlineAction.php(49): FilmesController->actionCreate()
#8 /data/www/yii/framework/web/CController.php(308): CInlineAction->runWithParams()
#9 /data/www/yii/framework/web/filters/CFilterChain.php(134): FilmesController->runAction()
#10 /data/www/yii/framework/web/filters/CFilter.php(40): CFilterChain->run()
#11 /data/www/yii/framework/web/CController.php(1148): CAccessControlFilter->filter()
#12 /data/www/yii/framework/web/filters/CInlineFilter.php(58): FilmesController->filterAccessControl()
#13 /data/www/yii/framework/web/filters/CFilterChain.php(131): CInlineFilter->filter()
#14 /data/www/yii/framework/web/CController.php(291): CFilterChain->run()
#15 /data/www/yii/framework/web/CController.php(265): FilmesController->runActionWithFilters()
#16 /data/www/yii/framework/web/CWebApplication.php(282): FilmesController->run()
#17 /data/www/yii/framework/web/CWebApplication.php(141): CWebApplication->runController()
#18 /data/www/yii/framework/base/CApplication.php(185): CWebApplication->processRequest()
#19 /data/www/teste/index.php(13): CWebApplication->run()
REQUEST_URI=/teste/index.php?r=filmes/create
in /data/www/teste/protected/views/filmes/_form.php (55)
in /data/www/teste/protected/views/filmes/create.php (19)
in /data/www/teste/protected/controllers/FilmesController.php (78)
2019/09/05 14:17:42 [error] [php] Undefined variable: Categoria (/data/www/teste/protected/views/filmes/_form.php:55)
Stack trace:
#0 /data/www/yii/framework/web/CController.php(872): FilmesController->renderFile()
#1 /data/www/teste/protected/views/filmes/create.php(19): FilmesController->renderPartial()
#2 /data/www/yii/framework/web/CBaseController.php(126): require()
#3 /data/www/yii/framework/web/CBaseController.php(95): FilmesController->renderInternal()
#4 /data/www/yii/framework/web/CController.php(872): FilmesController->renderFile()
#5 /data/www/yii/framework/web/CController.php(785): FilmesController->renderPartial()
#6 /data/www/teste/protected/controllers/FilmesController.php(78): FilmesController->render()
#7 /data/www/yii/framework/web/actions/CInlineAction.php(49): FilmesController->actionCreate()
#8 /data/www/yii/framework/web/CController.php(308): CInlineAction->runWithParams()
#9 /data/www/yii/framework/web/filters/CFilterChain.php(134): FilmesController->runAction()
#10 /data/www/yii/framework/web/filters/CFilter.php(40): CFilterChain->run()
#11 /data/www/yii/framework/web/CController.php(1148): CAccessControlFilter->filter()
#12 /data/www/yii/framework/web/filters/CInlineFilter.php(58): FilmesController->filterAccessControl()
#13 /data/www/yii/framework/web/filters/CFilterChain.php(131): CInlineFilter->filter()
#14 /data/www/yii/framework/web/CController.php(291): CFilterChain->run()
#15 /data/www/yii/framework/web/CController.php(265): FilmesController->runActionWithFilters()
#16 /data/www/yii/framework/web/CWebApplication.php(282): FilmesController->run()
#17 /data/www/yii/framework/web/CWebApplication.php(141): CWebApplication->runController()
#18 /data/www/yii/framework/base/CApplication.php(185): CWebApplication->processRequest()
#19 /data/www/teste/index.php(13): CWebApplication->run()
REQUEST_URI=/teste/index.php?r=filmes/create
in /data/www/teste/protected/views/filmes/_form.php (55)
in /data/www/teste/protected/views/filmes/create.php (19)
in /data/www/teste/protected/controllers/FilmesController.php (78)
2019/09/05 14:17:57 [error] [php] Undefined variable: Categoria (/data/www/teste/protected/views/filmes/_form.php:55)
Stack trace:
#0 /data/www/yii/framework/web/CController.php(872): FilmesController->renderFile()
#1 /data/www/teste/protected/views/filmes/create.php(19): FilmesController->renderPartial()
#2 /data/www/yii/framework/web/CBaseController.php(126): require()
#3 /data/www/yii/framework/web/CBaseController.php(95): FilmesController->renderInternal()
#4 /data/www/yii/framework/web/CController.php(872): FilmesController->renderFile()
#5 /data/www/yii/framework/web/CController.php(785): FilmesController->renderPartial()
#6 /data/www/teste/protected/controllers/FilmesController.php(78): FilmesController->render()
#7 /data/www/yii/framework/web/actions/CInlineAction.php(49): FilmesController->actionCreate()
#8 /data/www/yii/framework/web/CController.php(308): CInlineAction->runWithParams()
#9 /data/www/yii/framework/web/filters/CFilterChain.php(134): FilmesController->runAction()
#10 /data/www/yii/framework/web/filters/CFilter.php(40): CFilterChain->run()
#11 /data/www/yii/framework/web/CController.php(1148): CAccessControlFilter->filter()
#12 /data/www/yii/framework/web/filters/CInlineFilter.php(58): FilmesController->filterAccessControl()
#13 /data/www/yii/framework/web/filters/CFilterChain.php(131): CInlineFilter->filter()
#14 /data/www/yii/framework/web/CController.php(291): CFilterChain->run()
#15 /data/www/yii/framework/web/CController.php(265): FilmesController->runActionWithFilters()
#16 /data/www/yii/framework/web/CWebApplication.php(282): FilmesController->run()
#17 /data/www/yii/framework/web/CWebApplication.php(141): CWebApplication->runController()
#18 /data/www/yii/framework/base/CApplication.php(185): CWebApplication->processRequest()
#19 /data/www/teste/index.php(13): CWebApplication->run()
REQUEST_URI=/teste/index.php?r=filmes/create
in /data/www/teste/protected/views/filmes/_form.php (55)
in /data/www/teste/protected/views/filmes/create.php (19)
in /data/www/teste/protected/controllers/FilmesController.php (78)
2019/09/05 14:18:08 [error] [php] include(categoria.php): failed to open stream: No such file or directory (/data/www/yii/framework/YiiBase.php:463)
Stack trace:
#0 /data/www/teste/protected/views/filmes/_form.php(57): spl_autoload_call()
#1 /data/www/yii/framework/web/CBaseController.php(126): require()
#2 /data/www/yii/framework/web/CBaseController.php(95): FilmesController->renderInternal()
#3 /data/www/yii/framework/web/CController.php(872): FilmesController->renderFile()
#4 /data/www/teste/protected/views/filmes/create.php(19): FilmesController->renderPartial()
#5 /data/www/yii/framework/web/CBaseController.php(126): require()
#6 /data/www/yii/framework/web/CBaseController.php(95): FilmesController->renderInternal()
#7 /data/www/yii/framework/web/CController.php(872): FilmesController->renderFile()
#8 /data/www/yii/framework/web/CController.php(785): FilmesController->renderPartial()
#9 /data/www/teste/protected/controllers/FilmesController.php(78): FilmesController->render()
#10 /data/www/yii/framework/web/actions/CInlineAction.php(49): FilmesController->actionCreate()
#11 /data/www/yii/framework/web/CController.php(308): CInlineAction->runWithParams()
#12 /data/www/yii/framework/web/filters/CFilterChain.php(134): FilmesController->runAction()
#13 /data/www/yii/framework/web/filters/CFilter.php(40): CFilterChain->run()
#14 /data/www/yii/framework/web/CController.php(1148): CAccessControlFilter->filter()
#15 /data/www/yii/framework/web/filters/CInlineFilter.php(58): FilmesController->filterAccessControl()
#16 /data/www/yii/framework/web/filters/CFilterChain.php(131): CInlineFilter->filter()
#17 /data/www/yii/framework/web/CController.php(291): CFilterChain->run()
#18 /data/www/yii/framework/web/CController.php(265): FilmesController->runActionWithFilters()
#19 /data/www/yii/framework/web/CWebApplication.php(282): FilmesController->run()
#20 /data/www/yii/framework/web/CWebApplication.php(141): CWebApplication->runController()
#21 /data/www/yii/framework/base/CApplication.php(185): CWebApplication->processRequest()
#22 /data/www/teste/index.php(13): CWebApplication->run()
REQUEST_URI=/teste/index.php?r=filmes/create
in /data/www/teste/protected/views/filmes/_form.php (57)
in /data/www/teste/protected/views/filmes/create.php (19)
in /data/www/teste/protected/controllers/FilmesController.php (78)
2019/09/05 14:25:58 [error] [php] include(categoria.php): failed to open stream: No such file or directory (/data/www/yii/framework/YiiBase.php:463)
Stack trace:
#0 /data/www/teste/protected/views/filmes/_form.php(57): spl_autoload_call()
#1 /data/www/yii/framework/web/CBaseController.php(126): require()
#2 /data/www/yii/framework/web/CBaseController.php(95): FilmesController->renderInternal()
#3 /data/www/yii/framework/web/CController.php(872): FilmesController->renderFile()
#4 /data/www/teste/protected/views/filmes/create.php(19): FilmesController->renderPartial()
#5 /data/www/yii/framework/web/CBaseController.php(126): require()
#6 /data/www/yii/framework/web/CBaseController.php(95): FilmesController->renderInternal()
#7 /data/www/yii/framework/web/CController.php(872): FilmesController->renderFile()
#8 /data/www/yii/framework/web/CController.php(785): FilmesController->renderPartial()
#9 /data/www/teste/protected/controllers/FilmesController.php(78): FilmesController->render()
#10 /data/www/yii/framework/web/actions/CInlineAction.php(49): FilmesController->actionCreate()
#11 /data/www/yii/framework/web/CController.php(308): CInlineAction->runWithParams()
#12 /data/www/yii/framework/web/filters/CFilterChain.php(134): FilmesController->runAction()
#13 /data/www/yii/framework/web/filters/CFilter.php(40): CFilterChain->run()
#14 /data/www/yii/framework/web/CController.php(1148): CAccessControlFilter->filter()
#15 /data/www/yii/framework/web/filters/CInlineFilter.php(58): FilmesController->filterAccessControl()
#16 /data/www/yii/framework/web/filters/CFilterChain.php(131): CInlineFilter->filter()
#17 /data/www/yii/framework/web/CController.php(291): CFilterChain->run()
#18 /data/www/yii/framework/web/CController.php(265): FilmesController->runActionWithFilters()
#19 /data/www/yii/framework/web/CWebApplication.php(282): FilmesController->run()
#20 /data/www/yii/framework/web/CWebApplication.php(141): CWebApplication->runController()
#21 /data/www/yii/framework/base/CApplication.php(185): CWebApplication->processRequest()
#22 /data/www/teste/index.php(13): CWebApplication->run()
REQUEST_URI=/teste/index.php?r=filmes/create
in /data/www/teste/protected/views/filmes/_form.php (57)
in /data/www/teste/protected/views/filmes/create.php (19)
in /data/www/teste/protected/controllers/FilmesController.php (78)
2019/09/05 14:27:02 [error] [php] include(categoria.php): failed to open stream: No such file or directory (/data/www/yii/framework/YiiBase.php:463)
Stack trace:
#0 /data/www/teste/protected/views/filmes/_form.php(57): spl_autoload_call()
#1 /data/www/yii/framework/web/CBaseController.php(126): require()
#2 /data/www/yii/framework/web/CBaseController.php(95): FilmesController->renderInternal()
#3 /data/www/yii/framework/web/CController.php(872): FilmesController->renderFile()
#4 /data/www/teste/protected/views/filmes/create.php(19): FilmesController->renderPartial()
#5 /data/www/yii/framework/web/CBaseController.php(126): require()
#6 /data/www/yii/framework/web/CBaseController.php(95): FilmesController->renderInternal()
#7 /data/www/yii/framework/web/CController.php(872): FilmesController->renderFile()
#8 /data/www/yii/framework/web/CController.php(785): FilmesController->renderPartial()
#9 /data/www/teste/protected/controllers/FilmesController.php(78): FilmesController->render()
#10 /data/www/yii/framework/web/actions/CInlineAction.php(49): FilmesController->actionCreate()
#11 /data/www/yii/framework/web/CController.php(308): CInlineAction->runWithParams()
#12 /data/www/yii/framework/web/filters/CFilterChain.php(134): FilmesController->runAction()
#13 /data/www/yii/framework/web/filters/CFilter.php(40): CFilterChain->run()
#14 /data/www/yii/framework/web/CController.php(1148): CAccessControlFilter->filter()
#15 /data/www/yii/framework/web/filters/CInlineFilter.php(58): FilmesController->filterAccessControl()
#16 /data/www/yii/framework/web/filters/CFilterChain.php(131): CInlineFilter->filter()
#17 /data/www/yii/framework/web/CController.php(291): CFilterChain->run()
#18 /data/www/yii/framework/web/CController.php(265): FilmesController->runActionWithFilters()
#19 /data/www/yii/framework/web/CWebApplication.php(282): FilmesController->run()
#20 /data/www/yii/framework/web/CWebApplication.php(141): CWebApplication->runController()
#21 /data/www/yii/framework/base/CApplication.php(185): CWebApplication->processRequest()
#22 /data/www/teste/index.php(13): CWebApplication->run()
REQUEST_URI=/teste/index.php?r=filmes/create
in /data/www/teste/protected/views/filmes/_form.php (57)
in /data/www/teste/protected/views/filmes/create.php (19)
in /data/www/teste/protected/controllers/FilmesController.php (78)
2019/09/05 14:29:59 [error] [php] include(categoria.php): failed to open stream: No such file or directory (/data/www/yii/framework/YiiBase.php:463)
Stack trace:
#0 /data/www/teste/protected/views/filmes/_form.php(57): spl_autoload_call()
#1 /data/www/yii/framework/web/CBaseController.php(126): require()
#2 /data/www/yii/framework/web/CBaseController.php(95): FilmesController->renderInternal()
#3 /data/www/yii/framework/web/CController.php(872): FilmesController->renderFile()
#4 /data/www/teste/protected/views/filmes/create.php(19): FilmesController->renderPartial()
#5 /data/www/yii/framework/web/CBaseController.php(126): require()
#6 /data/www/yii/framework/web/CBaseController.php(95): FilmesController->renderInternal()
#7 /data/www/yii/framework/web/CController.php(872): FilmesController->renderFile()
#8 /data/www/yii/framework/web/CController.php(785): FilmesController->renderPartial()
#9 /data/www/teste/protected/controllers/FilmesController.php(78): FilmesController->render()
#10 /data/www/yii/framework/web/actions/CInlineAction.php(49): FilmesController->actionCreate()
#11 /data/www/yii/framework/web/CController.php(308): CInlineAction->runWithParams()
#12 /data/www/yii/framework/web/filters/CFilterChain.php(134): FilmesController->runAction()
#13 /data/www/yii/framework/web/filters/CFilter.php(40): CFilterChain->run()
#14 /data/www/yii/framework/web/CController.php(1148): CAccessControlFilter->filter()
#15 /data/www/yii/framework/web/filters/CInlineFilter.php(58): FilmesController->filterAccessControl()
#16 /data/www/yii/framework/web/filters/CFilterChain.php(131): CInlineFilter->filter()
#17 /data/www/yii/framework/web/CController.php(291): CFilterChain->run()
#18 /data/www/yii/framework/web/CController.php(265): FilmesController->runActionWithFilters()
#19 /data/www/yii/framework/web/CWebApplication.php(282): FilmesController->run()
#20 /data/www/yii/framework/web/CWebApplication.php(141): CWebApplication->runController()
#21 /data/www/yii/framework/base/CApplication.php(185): CWebApplication->processRequest()
#22 /data/www/teste/index.php(13): CWebApplication->run()
REQUEST_URI=/teste/index.php?r=filmes/create
in /data/www/teste/protected/views/filmes/_form.php (57)
in /data/www/teste/protected/views/filmes/create.php (19)
in /data/www/teste/protected/controllers/FilmesController.php (78)
2019/09/05 14:30:00 [error] [php] include(categoria.php): failed to open stream: No such file or directory (/data/www/yii/framework/YiiBase.php:463)
Stack trace:
#0 /data/www/teste/protected/views/filmes/_form.php(57): spl_autoload_call()
#1 /data/www/yii/framework/web/CBaseController.php(126): require()
#2 /data/www/yii/framework/web/CBaseController.php(95): FilmesController->renderInternal()
#3 /data/www/yii/framework/web/CController.php(872): FilmesController->renderFile()
#4 /data/www/teste/protected/views/filmes/create.php(19): FilmesController->renderPartial()
#5 /data/www/yii/framework/web/CBaseController.php(126): require()
#6 /data/www/yii/framework/web/CBaseController.php(95): FilmesController->renderInternal()
#7 /data/www/yii/framework/web/CController.php(872): FilmesController->renderFile()
#8 /data/www/yii/framework/web/CController.php(785): FilmesController->renderPartial()
#9 /data/www/teste/protected/controllers/FilmesController.php(78): FilmesController->render()
#10 /data/www/yii/framework/web/actions/CInlineAction.php(49): FilmesController->actionCreate()
#11 /data/www/yii/framework/web/CController.php(308): CInlineAction->runWithParams()
#12 /data/www/yii/framework/web/filters/CFilterChain.php(134): FilmesController->runAction()
#13 /data/www/yii/framework/web/filters/CFilter.php(40): CFilterChain->run()
#14 /data/www/yii/framework/web/CController.php(1148): CAccessControlFilter->filter()
#15 /data/www/yii/framework/web/filters/CInlineFilter.php(58): FilmesController->filterAccessControl()
#16 /data/www/yii/framework/web/filters/CFilterChain.php(131): CInlineFilter->filter()
#17 /data/www/yii/framework/web/CController.php(291): CFilterChain->run()
#18 /data/www/yii/framework/web/CController.php(265): FilmesController->runActionWithFilters()
#19 /data/www/yii/framework/web/CWebApplication.php(282): FilmesController->run()
#20 /data/www/yii/framework/web/CWebApplication.php(141): CWebApplication->runController()
#21 /data/www/yii/framework/base/CApplication.php(185): CWebApplication->processRequest()
#22 /data/www/teste/index.php(13): CWebApplication->run()
REQUEST_URI=/teste/index.php?r=filmes/create
in /data/www/teste/protected/views/filmes/_form.php (57)
in /data/www/teste/protected/views/filmes/create.php (19)
in /data/www/teste/protected/controllers/FilmesController.php (78)
2019/09/05 14:30:22 [error] [php] Undefined variable: data (/data/www/teste/protected/views/filmes/_form.php:57)
Stack trace:
#0 /data/www/yii/framework/web/CController.php(872): FilmesController->renderFile()
#1 /data/www/teste/protected/views/filmes/create.php(19): FilmesController->renderPartial()
#2 /data/www/yii/framework/web/CBaseController.php(126): require()
#3 /data/www/yii/framework/web/CBaseController.php(95): FilmesController->renderInternal()
#4 /data/www/yii/framework/web/CController.php(872): FilmesController->renderFile()
#5 /data/www/yii/framework/web/CController.php(785): FilmesController->renderPartial()
#6 /data/www/teste/protected/controllers/FilmesController.php(78): FilmesController->render()
#7 /data/www/yii/framework/web/actions/CInlineAction.php(49): FilmesController->actionCreate()
#8 /data/www/yii/framework/web/CController.php(308): CInlineAction->runWithParams()
#9 /data/www/yii/framework/web/filters/CFilterChain.php(134): FilmesController->runAction()
#10 /data/www/yii/framework/web/filters/CFilter.php(40): CFilterChain->run()
#11 /data/www/yii/framework/web/CController.php(1148): CAccessControlFilter->filter()
#12 /data/www/yii/framework/web/filters/CInlineFilter.php(58): FilmesController->filterAccessControl()
#13 /data/www/yii/framework/web/filters/CFilterChain.php(131): CInlineFilter->filter()
#14 /data/www/yii/framework/web/CController.php(291): CFilterChain->run()
#15 /data/www/yii/framework/web/CController.php(265): FilmesController->runActionWithFilters()
#16 /data/www/yii/framework/web/CWebApplication.php(282): FilmesController->run()
#17 /data/www/yii/framework/web/CWebApplication.php(141): CWebApplication->runController()
#18 /data/www/yii/framework/base/CApplication.php(185): CWebApplication->processRequest()
#19 /data/www/teste/index.php(13): CWebApplication->run()
REQUEST_URI=/teste/index.php?r=filmes/create
in /data/www/teste/protected/views/filmes/_form.php (57)
in /data/www/teste/protected/views/filmes/create.php (19)
in /data/www/teste/protected/controllers/FilmesController.php (78)
2019/09/05 14:30:30 [error] [exception.ArgumentCountError] ArgumentCountError: Too few arguments to function CHtml::listData(), 2 passed in /data/www/teste/protected/views/filmes/_form.php on line 57 and at least 3 expected in /data/www/yii/framework/web/helpers/CHtml.php:2289
Stack trace:
#0 /data/www/teste/protected/views/filmes/_form.php(57): CHtml::listData(Array, 'id')
#1 /data/www/yii/framework/web/CBaseController.php(126): require('/data/www/teste...')
#2 /data/www/yii/framework/web/CBaseController.php(95): CBaseController->renderInternal('/data/www/teste...', Array, true)
#3 /data/www/yii/framework/web/CController.php(872): CBaseController->renderFile('/data/www/teste...', Array, true)
#4 /data/www/teste/protected/views/filmes/create.php(19): CController->renderPartial('_form', Array)
#5 /data/www/yii/framework/web/CBaseController.php(126): require('/data/www/teste...')
#6 /data/www/yii/framework/web/CBaseController.php(95): CBaseController->renderInternal('/data/www/teste...', Array, true)
#7 /data/www/yii/framework/web/CController.php(872): CBaseController->renderFile('/data/www/teste...', Array, true)
#8 /data/www/yii/framework/web/CController.php(785): CController->renderPartial('create', Array, true)
#9 /data/www/teste/protected/controllers/FilmesController.php(78): CController->render('create', Array)
#10 /data/www/yii/framework/web/actions/CInlineAction.php(49): FilmesController->actionCreate()
#11 /data/www/yii/framework/web/CController.php(308): CInlineAction->runWithParams(Array)
#12 /data/www/yii/framework/web/filters/CFilterChain.php(134): CController->runAction(Object(CInlineAction))
#13 /data/www/yii/framework/web/filters/CFilter.php(40): CFilterChain->run()
#14 /data/www/yii/framework/web/CController.php(1148): CFilter->filter(Object(CFilterChain))
#15 /data/www/yii/framework/web/filters/CInlineFilter.php(58): CController->filterAccessControl(Object(CFilterChain))
#16 /data/www/yii/framework/web/filters/CFilterChain.php(131): CInlineFilter->filter(Object(CFilterChain))
#17 /data/www/yii/framework/web/CController.php(291): CFilterChain->run()
#18 /data/www/yii/framework/web/CController.php(265): CController->runActionWithFilters(Object(CInlineAction), Array)
#19 /data/www/yii/framework/web/CWebApplication.php(282): CController->run('create')
#20 /data/www/yii/framework/web/CWebApplication.php(141): CWebApplication->runController('filmes/create')
#21 /data/www/yii/framework/base/CApplication.php(185): CWebApplication->processRequest()
#22 /data/www/teste/index.php(13): CApplication->run()
#23 {main}
REQUEST_URI=/teste/index.php?r=filmes/create
HTTP_REFERER=http://localhost/teste/index.php?r=filmes/index
---
2019/09/05 14:42:37 [error] [exception.CException] CException: Property "Emprestimo.fkfilme" is not defined. in /data/www/yii/framework/base/CComponent.php:130
Stack trace:
#0 /data/www/yii/framework/db/ar/CActiveRecord.php(145): CComponent->__get('fkfilme')
#1 /data/www/teste/protected/views/emprestimo/_view.php(35): CActiveRecord->__get('fkfilme')
#2 /data/www/yii/framework/web/CBaseController.php(130): require('/data/www/teste...')
#3 /data/www/yii/framework/web/CBaseController.php(95): CBaseController->renderInternal('/data/www/teste...', Array, false)
#4 /data/www/yii/framework/zii/widgets/CListView.php(291): CBaseController->renderFile('/data/www/teste...', Array)
#5 /data/www/yii/framework/zii/widgets/CBaseListView.php(181): CListView->renderItems()
#6 [internal function]: CBaseListView->renderSection(Array)
#7 /data/www/yii/framework/zii/widgets/CBaseListView.php(164): preg_replace_callback('/{(\\w+)}/', Array, '{summary}\n{sort...')
#8 /data/www/yii/framework/zii/widgets/CBaseListView.php(149): CBaseListView->renderContent()
#9 /data/www/yii/framework/web/CBaseController.php(182): CBaseListView->run()
#10 /data/www/teste/protected/views/emprestimo/index.php(19): CBaseController->widget('zii.widgets.CLi...', Array)
#11 /data/www/yii/framework/web/CBaseController.php(126): require('/data/www/teste...')
#12 /data/www/yii/framework/web/CBaseController.php(95): CBaseController->renderInternal('/data/www/teste...', Array, true)
#13 /data/www/yii/framework/web/CController.php(872): CBaseController->renderFile('/data/www/teste...', Array, true)
#14 /data/www/yii/framework/web/CController.php(785): CController->renderPartial('index', Array, true)
#15 /data/www/teste/protected/controllers/EmprestimoController.php(127): CController->render('index', Array)
#16 /data/www/yii/framework/web/actions/CInlineAction.php(49): EmprestimoController->actionIndex()
#17 /data/www/yii/framework/web/CController.php(308): CInlineAction->runWithParams(Array)
#18 /data/www/yii/framework/web/filters/CFilterChain.php(134): CController->runAction(Object(CInlineAction))
#19 /data/www/yii/framework/web/filters/CFilter.php(40): CFilterChain->run()
#20 /data/www/yii/framework/web/CController.php(1148): CFilter->filter(Object(CFilterChain))
#21 /data/www/yii/framework/web/filters/CInlineFilter.php(58): CController->filterAccessControl(Object(CFilterChain))
#22 /data/www/yii/framework/web/filters/CFilterChain.php(131): CInlineFilter->filter(Object(CFilterChain))
#23 /data/www/yii/framework/web/CController.php(291): CFilterChain->run()
#24 /data/www/yii/framework/web/CController.php(265): CController->runActionWithFilters(Object(CInlineAction), Array)
#25 /data/www/yii/framework/web/CWebApplication.php(282): CController->run('index')
#26 /data/www/yii/framework/web/CWebApplication.php(141): CWebApplication->runController('emprestimo/inde...')
#27 /data/www/yii/framework/base/CApplication.php(185): CWebApplication->processRequest()
#28 /data/www/teste/index.php(13): CApplication->run()
#29 {main}
REQUEST_URI=/teste/index.php?r=emprestimo/index
HTTP_REFERER=http://localhost/teste/index.php?r=filmes/index
---
2019/09/05 14:42:39 [error] [exception.CException] CException: Property "Emprestimo.fkfilme" is not defined. in /data/www/yii/framework/base/CComponent.php:130
Stack trace:
#0 /data/www/yii/framework/db/ar/CActiveRecord.php(145): CComponent->__get('fkfilme')
#1 /data/www/teste/protected/views/emprestimo/_view.php(35): CActiveRecord->__get('fkfilme')
#2 /data/www/yii/framework/web/CBaseController.php(130): require('/data/www/teste...')
#3 /data/www/yii/framework/web/CBaseController.php(95): CBaseController->renderInternal('/data/www/teste...', Array, false)
#4 /data/www/yii/framework/zii/widgets/CListView.php(291): CBaseController->renderFile('/data/www/teste...', Array)
#5 /data/www/yii/framework/zii/widgets/CBaseListView.php(181): CListView->renderItems()
#6 [internal function]: CBaseListView->renderSection(Array)
#7 /data/www/yii/framework/zii/widgets/CBaseListView.php(164): preg_replace_callback('/{(\\w+)}/', Array, '{summary}\n{sort...')
#8 /data/www/yii/framework/zii/widgets/CBaseListView.php(149): CBaseListView->renderContent()
#9 /data/www/yii/framework/web/CBaseController.php(182): CBaseListView->run()
#10 /data/www/teste/protected/views/emprestimo/index.php(19): CBaseController->widget('zii.widgets.CLi...', Array)
#11 /data/www/yii/framework/web/CBaseController.php(126): require('/data/www/teste...')
#12 /data/www/yii/framework/web/CBaseController.php(95): CBaseController->renderInternal('/data/www/teste...', Array, true)
#13 /data/www/yii/framework/web/CController.php(872): CBaseController->renderFile('/data/www/teste...', Array, true)
#14 /data/www/yii/framework/web/CController.php(785): CController->renderPartial('index', Array, true)
#15 /data/www/teste/protected/controllers/EmprestimoController.php(127): CController->render('index', Array)
#16 /data/www/yii/framework/web/actions/CInlineAction.php(49): EmprestimoController->actionIndex()
#17 /data/www/yii/framework/web/CController.php(308): CInlineAction->runWithParams(Array)
#18 /data/www/yii/framework/web/filters/CFilterChain.php(134): CController->runAction(Object(CInlineAction))
#19 /data/www/yii/framework/web/filters/CFilter.php(40): CFilterChain->run()
#20 /data/www/yii/framework/web/CController.php(1148): CFilter->filter(Object(CFilterChain))
#21 /data/www/yii/framework/web/filters/CInlineFilter.php(58): CController->filterAccessControl(Object(CFilterChain))
#22 /data/www/yii/framework/web/filters/CFilterChain.php(131): CInlineFilter->filter(Object(CFilterChain))
#23 /data/www/yii/framework/web/CController.php(291): CFilterChain->run()
#24 /data/www/yii/framework/web/CController.php(265): CController->runActionWithFilters(Object(CInlineAction), Array)
#25 /data/www/yii/framework/web/CWebApplication.php(282): CController->run('index')
#26 /data/www/yii/framework/web/CWebApplication.php(141): CWebApplication->runController('emprestimo/inde...')
#27 /data/www/yii/framework/base/CApplication.php(185): CWebApplication->processRequest()
#28 /data/www/teste/index.php(13): CApplication->run()
#29 {main}
REQUEST_URI=/teste/index.php?r=emprestimo/index
HTTP_REFERER=http://localhost/teste/index.php?r=filmes/index
---
2019/09/05 14:42:48 [error] [exception.CException] CException: Property "Emprestimo.fkfilme" is not defined. in /data/www/yii/framework/base/CComponent.php:130
Stack trace:
#0 /data/www/yii/framework/db/ar/CActiveRecord.php(145): CComponent->__get('fkfilme')
#1 /data/www/teste/protected/views/emprestimo/_view.php(35): CActiveRecord->__get('fkfilme')
#2 /data/www/yii/framework/web/CBaseController.php(130): require('/data/www/teste...')
#3 /data/www/yii/framework/web/CBaseController.php(95): CBaseController->renderInternal('/data/www/teste...', Array, false)
#4 /data/www/yii/framework/zii/widgets/CListView.php(291): CBaseController->renderFile('/data/www/teste...', Array)
#5 /data/www/yii/framework/zii/widgets/CBaseListView.php(181): CListView->renderItems()
#6 [internal function]: CBaseListView->renderSection(Array)
#7 /data/www/yii/framework/zii/widgets/CBaseListView.php(164): preg_replace_callback('/{(\\w+)}/', Array, '{summary}\n{sort...')
#8 /data/www/yii/framework/zii/widgets/CBaseListView.php(149): CBaseListView->renderContent()
#9 /data/www/yii/framework/web/CBaseController.php(182): CBaseListView->run()
#10 /data/www/teste/protected/views/emprestimo/index.php(19): CBaseController->widget('zii.widgets.CLi...', Array)
#11 /data/www/yii/framework/web/CBaseController.php(126): require('/data/www/teste...')
#12 /data/www/yii/framework/web/CBaseController.php(95): CBaseController->renderInternal('/data/www/teste...', Array, true)
#13 /data/www/yii/framework/web/CController.php(872): CBaseController->renderFile('/data/www/teste...', Array, true)
#14 /data/www/yii/framework/web/CController.php(785): CController->renderPartial('index', Array, true)
#15 /data/www/teste/protected/controllers/EmprestimoController.php(127): CController->render('index', Array)
#16 /data/www/yii/framework/web/actions/CInlineAction.php(49): EmprestimoController->actionIndex()
#17 /data/www/yii/framework/web/CController.php(308): CInlineAction->runWithParams(Array)
#18 /data/www/yii/framework/web/filters/CFilterChain.php(134): CController->runAction(Object(CInlineAction))
#19 /data/www/yii/framework/web/filters/CFilter.php(40): CFilterChain->run()
#20 /data/www/yii/framework/web/CController.php(1148): CFilter->filter(Object(CFilterChain))
#21 /data/www/yii/framework/web/filters/CInlineFilter.php(58): CController->filterAccessControl(Object(CFilterChain))
#22 /data/www/yii/framework/web/filters/CFilterChain.php(131): CInlineFilter->filter(Object(CFilterChain))
#23 /data/www/yii/framework/web/CController.php(291): CFilterChain->run()
#24 /data/www/yii/framework/web/CController.php(265): CController->runActionWithFilters(Object(CInlineAction), Array)
#25 /data/www/yii/framework/web/CWebApplication.php(282): CController->run('index')
#26 /data/www/yii/framework/web/CWebApplication.php(141): CWebApplication->runController('emprestimo/inde...')
#27 /data/www/yii/framework/base/CApplication.php(185): CWebApplication->processRequest()
#28 /data/www/teste/index.php(13): CApplication->run()
#29 {main}
REQUEST_URI=/teste/index.php?r=emprestimo/index
HTTP_REFERER=http://localhost/teste/index.php?r=filmes/index
---
2019/09/05 14:51:28 [error] [exception.ArgumentCountError] ArgumentCountError: Too few arguments to function CHtml::listData(), 2 passed in /data/www/teste/protected/views/filmes/_form.php on line 57 and at least 3 expected in /data/www/yii/framework/web/helpers/CHtml.php:2289
Stack trace:
#0 /data/www/teste/protected/views/filmes/_form.php(57): CHtml::listData(Array, 'id')
#1 /data/www/yii/framework/web/CBaseController.php(126): require('/data/www/teste...')
#2 /data/www/yii/framework/web/CBaseController.php(95): CBaseController->renderInternal('/data/www/teste...', Array, true)
#3 /data/www/yii/framework/web/CController.php(872): CBaseController->renderFile('/data/www/teste...', Array, true)
#4 /data/www/teste/protected/views/filmes/create.php(19): CController->renderPartial('_form', Array)
#5 /data/www/yii/framework/web/CBaseController.php(126): require('/data/www/teste...')
#6 /data/www/yii/framework/web/CBaseController.php(95): CBaseController->renderInternal('/data/www/teste...', Array, true)
#7 /data/www/yii/framework/web/CController.php(872): CBaseController->renderFile('/data/www/teste...', Array, true)
#8 /data/www/yii/framework/web/CController.php(785): CController->renderPartial('create', Array, true)
#9 /data/www/teste/protected/controllers/FilmesController.php(78): CController->render('create', Array)
#10 /data/www/yii/framework/web/actions/CInlineAction.php(49): FilmesController->actionCreate()
#11 /data/www/yii/framework/web/CController.php(308): CInlineAction->runWithParams(Array)
#12 /data/www/yii/framework/web/filters/CFilterChain.php(134): CController->runAction(Object(CInlineAction))
#13 /data/www/yii/framework/web/filters/CFilter.php(40): CFilterChain->run()
#14 /data/www/yii/framework/web/CController.php(1148): CFilter->filter(Object(CFilterChain))
#15 /data/www/yii/framework/web/filters/CInlineFilter.php(58): CController->filterAccessControl(Object(CFilterChain))
#16 /data/www/yii/framework/web/filters/CFilterChain.php(131): CInlineFilter->filter(Object(CFilterChain))
#17 /data/www/yii/framework/web/CController.php(291): CFilterChain->run()
#18 /data/www/yii/framework/web/CController.php(265): CController->runActionWithFilters(Object(CInlineAction), Array)
#19 /data/www/yii/framework/web/CWebApplication.php(282): CController->run('create')
#20 /data/www/yii/framework/web/CWebApplication.php(141): CWebApplication->runController('filmes/create')
#21 /data/www/yii/framework/base/CApplication.php(185): CWebApplication->processRequest()
#22 /data/www/teste/index.php(13): CApplication->run()
#23 {main}
REQUEST_URI=/teste/index.php?r=filmes/create
HTTP_REFERER=http://localhost/teste/index.php?r=filmes/index
---
2019/09/05 14:51:44 [error] [exception.ArgumentCountError] ArgumentCountError: Too few arguments to function CHtml::listData(), 2 passed in /data/www/teste/protected/views/filmes/_form.php on line 57 and at least 3 expected in /data/www/yii/framework/web/helpers/CHtml.php:2289
Stack trace:
#0 /data/www/teste/protected/views/filmes/_form.php(57): CHtml::listData(Array, 'id')
#1 /data/www/yii/framework/web/CBaseController.php(126): require('/data/www/teste...')
#2 /data/www/yii/framework/web/CBaseController.php(95): CBaseController->renderInternal('/data/www/teste...', Array, true)
#3 /data/www/yii/framework/web/CController.php(872): CBaseController->renderFile('/data/www/teste...', Array, true)
#4 /data/www/teste/protected/views/filmes/create.php(19): CController->renderPartial('_form', Array)
#5 /data/www/yii/framework/web/CBaseController.php(126): require('/data/www/teste...')
#6 /data/www/yii/framework/web/CBaseController.php(95): CBaseController->renderInternal('/data/www/teste...', Array, true)
#7 /data/www/yii/framework/web/CController.php(872): CBaseController->renderFile('/data/www/teste...', Array, true)
#8 /data/www/yii/framework/web/CController.php(785): CController->renderPartial('create', Array, true)
#9 /data/www/teste/protected/controllers/FilmesController.php(78): CController->render('create', Array)
#10 /data/www/yii/framework/web/actions/CInlineAction.php(49): FilmesController->actionCreate()
#11 /data/www/yii/framework/web/CController.php(308): CInlineAction->runWithParams(Array)
#12 /data/www/yii/framework/web/filters/CFilterChain.php(134): CController->runAction(Object(CInlineAction))
#13 /data/www/yii/framework/web/filters/CFilter.php(40): CFilterChain->run()
#14 /data/www/yii/framework/web/CController.php(1148): CFilter->filter(Object(CFilterChain))
#15 /data/www/yii/framework/web/filters/CInlineFilter.php(58): CController->filterAccessControl(Object(CFilterChain))
#16 /data/www/yii/framework/web/filters/CFilterChain.php(131): CInlineFilter->filter(Object(CFilterChain))
#17 /data/www/yii/framework/web/CController.php(291): CFilterChain->run()
#18 /data/www/yii/framework/web/CController.php(265): CController->runActionWithFilters(Object(CInlineAction), Array)
#19 /data/www/yii/framework/web/CWebApplication.php(282): CController->run('create')
#20 /data/www/yii/framework/web/CWebApplication.php(141): CWebApplication->runController('filmes/create')
#21 /data/www/yii/framework/base/CApplication.php(185): CWebApplication->processRequest()
#22 /data/www/teste/index.php(13): CApplication->run()
#23 {main}
REQUEST_URI=/teste/index.php?r=filmes/create
HTTP_REFERER=http://localhost/teste/index.php?r=filmes/index
---
2019/09/05 14:53:29 [error] [exception.ParseError] ParseError: syntax error, unexpected '*', expecting ')' in /data/www/teste/protected/views/filmes/_form.php:78
Stack trace:
#0 /data/www/yii/framework/web/CBaseController.php(95): CBaseController->renderInternal('/data/www/teste...', Array, true)
#1 /data/www/yii/framework/web/CController.php(872): CBaseController->renderFile('/data/www/teste...', Array, true)
#2 /data/www/teste/protected/views/filmes/create.php(19): CController->renderPartial('_form', Array)
#3 /data/www/yii/framework/web/CBaseController.php(126): require('/data/www/teste...')
#4 /data/www/yii/framework/web/CBaseController.php(95): CBaseController->renderInternal('/data/www/teste...', Array, true)
#5 /data/www/yii/framework/web/CController.php(872): CBaseController->renderFile('/data/www/teste...', Array, true)
#6 /data/www/yii/framework/web/CController.php(785): CController->renderPartial('create', Array, true)
#7 /data/www/teste/protected/controllers/FilmesController.php(78): CController->render('create', Array)
#8 /data/www/yii/framework/web/actions/CInlineAction.php(49): FilmesController->actionCreate()
#9 /data/www/yii/framework/web/CController.php(308): CInlineAction->runWithParams(Array)
#10 /data/www/yii/framework/web/filters/CFilterChain.php(134): CController->runAction(Object(CInlineAction))
#11 /data/www/yii/framework/web/filters/CFilter.php(40): CFilterChain->run()
#12 /data/www/yii/framework/web/CController.php(1148): CFilter->filter(Object(CFilterChain))
#13 /data/www/yii/framework/web/filters/CInlineFilter.php(58): CController->filterAccessControl(Object(CFilterChain))
#14 /data/www/yii/framework/web/filters/CFilterChain.php(131): CInlineFilter->filter(Object(CFilterChain))
#15 /data/www/yii/framework/web/CController.php(291): CFilterChain->run()
#16 /data/www/yii/framework/web/CController.php(265): CController->runActionWithFilters(Object(CInlineAction), Array)
#17 /data/www/yii/framework/web/CWebApplication.php(282): CController->run('create')
#18 /data/www/yii/framework/web/CWebApplication.php(141): CWebApplication->runController('filmes/create')
#19 /data/www/yii/framework/base/CApplication.php(185): CWebApplication->processRequest()
#20 /data/www/teste/index.php(13): CApplication->run()
#21 {main}
REQUEST_URI=/teste/index.php?r=filmes/create
HTTP_REFERER=http://localhost/teste/index.php?r=filmes/index
---
2019/09/05 14:53:47 [error] [exception.ParseError] ParseError: syntax error, unexpected '?>', expecting ')' in /data/www/teste/protected/views/filmes/_form.php:84
Stack trace:
#0 /data/www/yii/framework/web/CBaseController.php(95): CBaseController->renderInternal('/data/www/teste...', Array, true)
#1 /data/www/yii/framework/web/CController.php(872): CBaseController->renderFile('/data/www/teste...', Array, true)
#2 /data/www/teste/protected/views/filmes/create.php(19): CController->renderPartial('_form', Array)
#3 /data/www/yii/framework/web/CBaseController.php(126): require('/data/www/teste...')
#4 /data/www/yii/framework/web/CBaseController.php(95): CBaseController->renderInternal('/data/www/teste...', Array, true)
#5 /data/www/yii/framework/web/CController.php(872): CBaseController->renderFile('/data/www/teste...', Array, true)
#6 /data/www/yii/framework/web/CController.php(785): CController->renderPartial('create', Array, true)
#7 /data/www/teste/protected/controllers/FilmesController.php(78): CController->render('create', Array)
#8 /data/www/yii/framework/web/actions/CInlineAction.php(49): FilmesController->actionCreate()
#9 /data/www/yii/framework/web/CController.php(308): CInlineAction->runWithParams(Array)
#10 /data/www/yii/framework/web/filters/CFilterChain.php(134): CController->runAction(Object(CInlineAction))
#11 /data/www/yii/framework/web/filters/CFilter.php(40): CFilterChain->run()
#12 /data/www/yii/framework/web/CController.php(1148): CFilter->filter(Object(CFilterChain))
#13 /data/www/yii/framework/web/filters/CInlineFilter.php(58): CController->filterAccessControl(Object(CFilterChain))
#14 /data/www/yii/framework/web/filters/CFilterChain.php(131): CInlineFilter->filter(Object(CFilterChain))
#15 /data/www/yii/framework/web/CController.php(291): CFilterChain->run()
#16 /data/www/yii/framework/web/CController.php(265): CController->runActionWithFilters(Object(CInlineAction), Array)
#17 /data/www/yii/framework/web/CWebApplication.php(282): CController->run('create')
#18 /data/www/yii/framework/web/CWebApplication.php(141): CWebApplication->runController('filmes/create')
#19 /data/www/yii/framework/base/CApplication.php(185): CWebApplication->processRequest()
#20 /data/www/teste/index.php(13): CApplication->run()
#21 {main}
REQUEST_URI=/teste/index.php?r=filmes/create
HTTP_REFERER=http://localhost/teste/index.php?r=filmes/index
---
2019/09/05 14:54:04 [error] [exception.ParseError] ParseError: syntax error, unexpected '?>', expecting ',' or ')' in /data/www/teste/protected/views/filmes/_form.php:85
Stack trace:
#0 /data/www/yii/framework/web/CBaseController.php(95): CBaseController->renderInternal('/data/www/teste...', Array, true)
#1 /data/www/yii/framework/web/CController.php(872): CBaseController->renderFile('/data/www/teste...', Array, true)
#2 /data/www/teste/protected/views/filmes/create.php(19): CController->renderPartial('_form', Array)
#3 /data/www/yii/framework/web/CBaseController.php(126): require('/data/www/teste...')
#4 /data/www/yii/framework/web/CBaseController.php(95): CBaseController->renderInternal('/data/www/teste...', Array, true)
#5 /data/www/yii/framework/web/CController.php(872): CBaseController->renderFile('/data/www/teste...', Array, true)
#6 /data/www/yii/framework/web/CController.php(785): CController->renderPartial('create', Array, true)
#7 /data/www/teste/protected/controllers/FilmesController.php(78): CController->render('create', Array)
#8 /data/www/yii/framework/web/actions/CInlineAction.php(49): FilmesController->actionCreate()
#9 /data/www/yii/framework/web/CController.php(308): CInlineAction->runWithParams(Array)
#10 /data/www/yii/framework/web/filters/CFilterChain.php(134): CController->runAction(Object(CInlineAction))
#11 /data/www/yii/framework/web/filters/CFilter.php(40): CFilterChain->run()
#12 /data/www/yii/framework/web/CController.php(1148): CFilter->filter(Object(CFilterChain))
#13 /data/www/yii/framework/web/filters/CInlineFilter.php(58): CController->filterAccessControl(Object(CFilterChain))
#14 /data/www/yii/framework/web/filters/CFilterChain.php(131): CInlineFilter->filter(Object(CFilterChain))
#15 /data/www/yii/framework/web/CController.php(291): CFilterChain->run()
#16 /data/www/yii/framework/web/CController.php(265): CController->runActionWithFilters(Object(CInlineAction), Array)
#17 /data/www/yii/framework/web/CWebApplication.php(282): CController->run('create')
#18 /data/www/yii/framework/web/CWebApplication.php(141): CWebApplication->runController('filmes/create')
#19 /data/www/yii/framework/base/CApplication.php(185): CWebApplication->processRequest()
#20 /data/www/teste/index.php(13): CApplication->run()
#21 {main}
REQUEST_URI=/teste/index.php?r=filmes/create
HTTP_REFERER=http://localhost/teste/index.php?r=filmes/index
---
2019/09/05 15:02:15 [error] [exception.ArgumentCountError] ArgumentCountError: Too few arguments to function CHtml::listData(), 2 passed in /data/www/teste/protected/views/filmes/_form.php on line 57 and at least 3 expected in /data/www/yii/framework/web/helpers/CHtml.php:2289
Stack trace:
#0 /data/www/teste/protected/views/filmes/_form.php(57): CHtml::listData(Array, 'id')
#1 /data/www/yii/framework/web/CBaseController.php(126): require('/data/www/teste...')
#2 /data/www/yii/framework/web/CBaseController.php(95): CBaseController->renderInternal('/data/www/teste...', Array, true)
#3 /data/www/yii/framework/web/CController.php(872): CBaseController->renderFile('/data/www/teste...', Array, true)
#4 /data/www/teste/protected/views/filmes/create.php(19): CController->renderPartial('_form', Array)
#5 /data/www/yii/framework/web/CBaseController.php(126): require('/data/www/teste...')
#6 /data/www/yii/framework/web/CBaseController.php(95): CBaseController->renderInternal('/data/www/teste...', Array, true)
#7 /data/www/yii/framework/web/CController.php(872): CBaseController->renderFile('/data/www/teste...', Array, true)
#8 /data/www/yii/framework/web/CController.php(785): CController->renderPartial('create', Array, true)
#9 /data/www/teste/protected/controllers/FilmesController.php(78): CController->render('create', Array)
#10 /data/www/yii/framework/web/actions/CInlineAction.php(49): FilmesController->actionCreate()
#11 /data/www/yii/framework/web/CController.php(308): CInlineAction->runWithParams(Array)
#12 /data/www/yii/framework/web/filters/CFilterChain.php(134): CController->runAction(Object(CInlineAction))
#13 /data/www/yii/framework/web/filters/CFilter.php(40): CFilterChain->run()
#14 /data/www/yii/framework/web/CController.php(1148): CFilter->filter(Object(CFilterChain))
#15 /data/www/yii/framework/web/filters/CInlineFilter.php(58): CController->filterAccessControl(Object(CFilterChain))
#16 /data/www/yii/framework/web/filters/CFilterChain.php(131): CInlineFilter->filter(Object(CFilterChain))
#17 /data/www/yii/framework/web/CController.php(291): CFilterChain->run()
#18 /data/www/yii/framework/web/CController.php(265): CController->runActionWithFilters(Object(CInlineAction), Array)
#19 /data/www/yii/framework/web/CWebApplication.php(282): CController->run('create')
#20 /data/www/yii/framework/web/CWebApplication.php(141): CWebApplication->runController('filmes/create')
#21 /data/www/yii/framework/base/CApplication.php(185): CWebApplication->processRequest()
#22 /data/www/teste/index.php(13): CApplication->run()
#23 {main}
REQUEST_URI=/teste/index.php?r=filmes/create
HTTP_REFERER=http://localhost/teste/index.php?r=filmes/index
---
2019/09/05 15:03:20 [error] [exception.ArgumentCountError] ArgumentCountError: Too few arguments to function CHtml::listData(), 2 passed in /data/www/teste/protected/views/filmes/_form.php on line 57 and at least 3 expected in /data/www/yii/framework/web/helpers/CHtml.php:2289
Stack trace:
#0 /data/www/teste/protected/views/filmes/_form.php(57): CHtml::listData(Array, 'id')
#1 /data/www/yii/framework/web/CBaseController.php(126): require('/data/www/teste...')
#2 /data/www/yii/framework/web/CBaseController.php(95): CBaseController->renderInternal('/data/www/teste...', Array, true)
#3 /data/www/yii/framework/web/CController.php(872): CBaseController->renderFile('/data/www/teste...', Array, true)
#4 /data/www/teste/protected/views/filmes/create.php(19): CController->renderPartial('_form', Array)
#5 /data/www/yii/framework/web/CBaseController.php(126): require('/data/www/teste...')
#6 /data/www/yii/framework/web/CBaseController.php(95): CBaseController->renderInternal('/data/www/teste...', Array, true)
#7 /data/www/yii/framework/web/CController.php(872): CBaseController->renderFile('/data/www/teste...', Array, true)
#8 /data/www/yii/framework/web/CController.php(785): CController->renderPartial('create', Array, true)
#9 /data/www/teste/protected/controllers/FilmesController.php(78): CController->render('create', Array)
#10 /data/www/yii/framework/web/actions/CInlineAction.php(49): FilmesController->actionCreate()
#11 /data/www/yii/framework/web/CController.php(308): CInlineAction->runWithParams(Array)
#12 /data/www/yii/framework/web/filters/CFilterChain.php(134): CController->runAction(Object(CInlineAction))
#13 /data/www/yii/framework/web/filters/CFilter.php(40): CFilterChain->run()
#14 /data/www/yii/framework/web/CController.php(1148): CFilter->filter(Object(CFilterChain))
#15 /data/www/yii/framework/web/filters/CInlineFilter.php(58): CController->filterAccessControl(Object(CFilterChain))
#16 /data/www/yii/framework/web/filters/CFilterChain.php(131): CInlineFilter->filter(Object(CFilterChain))
#17 /data/www/yii/framework/web/CController.php(291): CFilterChain->run()
#18 /data/www/yii/framework/web/CController.php(265): CController->runActionWithFilters(Object(CInlineAction), Array)
#19 /data/www/yii/framework/web/CWebApplication.php(282): CController->run('create')
#20 /data/www/yii/framework/web/CWebApplication.php(141): CWebApplication->runController('filmes/create')
#21 /data/www/yii/framework/base/CApplication.php(185): CWebApplication->processRequest()
#22 /data/www/teste/index.php(13): CApplication->run()
#23 {main}
REQUEST_URI=/teste/index.php?r=filmes/create
HTTP_REFERER=http://localhost/teste/index.php?r=filmes/index
---
2019/09/05 15:03:39 [error] [php] Undefined variable: Categoria (/data/www/teste/protected/views/filmes/_form.php:55)
Stack trace:
#0 /data/www/yii/framework/web/CController.php(872): FilmesController->renderFile()
#1 /data/www/teste/protected/views/filmes/create.php(19): FilmesController->renderPartial()
#2 /data/www/yii/framework/web/CBaseController.php(126): require()
#3 /data/www/yii/framework/web/CBaseController.php(95): FilmesController->renderInternal()
#4 /data/www/yii/framework/web/CController.php(872): FilmesController->renderFile()
#5 /data/www/yii/framework/web/CController.php(785): FilmesController->renderPartial()
#6 /data/www/teste/protected/controllers/FilmesController.php(78): FilmesController->render()
#7 /data/www/yii/framework/web/actions/CInlineAction.php(49): FilmesController->actionCreate()
#8 /data/www/yii/framework/web/CController.php(308): CInlineAction->runWithParams()
#9 /data/www/yii/framework/web/filters/CFilterChain.php(134): FilmesController->runAction()
#10 /data/www/yii/framework/web/filters/CFilter.php(40): CFilterChain->run()
#11 /data/www/yii/framework/web/CController.php(1148): CAccessControlFilter->filter()
#12 /data/www/yii/framework/web/filters/CInlineFilter.php(58): FilmesController->filterAccessControl()
#13 /data/www/yii/framework/web/filters/CFilterChain.php(131): CInlineFilter->filter()
#14 /data/www/yii/framework/web/CController.php(291): CFilterChain->run()
#15 /data/www/yii/framework/web/CController.php(265): FilmesController->runActionWithFilters()
#16 /data/www/yii/framework/web/CWebApplication.php(282): FilmesController->run()
#17 /data/www/yii/framework/web/CWebApplication.php(141): CWebApplication->runController()
#18 /data/www/yii/framework/base/CApplication.php(185): CWebApplication->processRequest()
#19 /data/www/teste/index.php(13): CWebApplication->run()
REQUEST_URI=/teste/index.php?r=filmes/create
in /data/www/teste/protected/views/filmes/_form.php (55)
in /data/www/teste/protected/views/filmes/create.php (19)
in /data/www/teste/protected/controllers/FilmesController.php (78)
2019/09/05 15:09:56 [error] [system.db.CDbCommand] CDbCommand::fetchAll() failed: SQLSTATE[42S02]: Base table or view not found: 1146 Table 'Teste_0209.Categoria' doesn't exist. The SQL statement executed was: SHOW FULL COLUMNS FROM `Categoria`.
in /data/www/teste/protected/views/filmes/_form.php (55)
in /data/www/teste/protected/views/filmes/create.php (19)
in /data/www/teste/protected/controllers/FilmesController.php (78)
2019/09/05 15:09:56 [error] [exception.CDbException] CDbException: The table "Categoria" for active record class "Categoria" cannot be found in the database. in /data/www/yii/framework/db/ar/CActiveRecord.php:2390
Stack trace:
#0 /data/www/yii/framework/db/ar/CActiveRecord.php(413): CActiveRecordMetaData->__construct(Object(Categoria))
#1 /data/www/yii/framework/db/ar/CActiveRecord.php(663): CActiveRecord->getMetaData()
#2 /data/www/yii/framework/db/ar/CActiveRecord.php(1358): CActiveRecord->getTableSchema()
#3 /data/www/yii/framework/db/ar/CActiveRecord.php(1478): CActiveRecord->query(Object(CDbCriteria), true)
#4 /data/www/teste/protected/views/filmes/_form.php(55): CActiveRecord->findAll('1')
#5 /data/www/yii/framework/web/CBaseController.php(126): require('/data/www/teste...')
#6 /data/www/yii/framework/web/CBaseController.php(95): CBaseController->renderInternal('/data/www/teste...', Array, true)
#7 /data/www/yii/framework/web/CController.php(872): CBaseController->renderFile('/data/www/teste...', Array, true)
#8 /data/www/teste/protected/views/filmes/create.php(19): CController->renderPartial('_form', Array)
#9 /data/www/yii/framework/web/CBaseController.php(126): require('/data/www/teste...')
#10 /data/www/yii/framework/web/CBaseController.php(95): CBaseController->renderInternal('/data/www/teste...', Array, true)
#11 /data/www/yii/framework/web/CController.php(872): CBaseController->renderFile('/data/www/teste...', Array, true)
#12 /data/www/yii/framework/web/CController.php(785): CController->renderPartial('create', Array, true)
#13 /data/www/teste/protected/controllers/FilmesController.php(78): CController->render('create', Array)
#14 /data/www/yii/framework/web/actions/CInlineAction.php(49): FilmesController->actionCreate()
#15 /data/www/yii/framework/web/CController.php(308): CInlineAction->runWithParams(Array)
#16 /data/www/yii/framework/web/filters/CFilterChain.php(134): CController->runAction(Object(CInlineAction))
#17 /data/www/yii/framework/web/filters/CFilter.php(40): CFilterChain->run()
#18 /data/www/yii/framework/web/CController.php(1148): CFilter->filter(Object(CFilterChain))
#19 /data/www/yii/framework/web/filters/CInlineFilter.php(58): CController->filterAccessControl(Object(CFilterChain))
#20 /data/www/yii/framework/web/filters/CFilterChain.php(131): CInlineFilter->filter(Object(CFilterChain))
#21 /data/www/yii/framework/web/CController.php(291): CFilterChain->run()
#22 /data/www/yii/framework/web/CController.php(265): CController->runActionWithFilters(Object(CInlineAction), Array)
#23 /data/www/yii/framework/web/CWebApplication.php(282): CController->run('create')
#24 /data/www/yii/framework/web/CWebApplication.php(141): CWebApplication->runController('filmes/create')
#25 /data/www/yii/framework/base/CApplication.php(185): CWebApplication->processRequest()
#26 /data/www/teste/index.php(13): CApplication->run()
#27 {main}
REQUEST_URI=/teste/index.php?r=filmes/create
HTTP_REFERER=http://localhost/teste/index.php?r=filmes/index
---
2019/09/05 15:11:15 [error] [system.db.CDbCommand] CDbCommand::fetchAll() failed: SQLSTATE[42S02]: Base table or view not found: 1146 Table 'Teste_0209.categoria' doesn't exist. The SQL statement executed was: SHOW FULL COLUMNS FROM `categoria`.
in /data/www/teste/protected/views/filmes/_form.php (55)
in /data/www/teste/protected/views/filmes/create.php (19)
in /data/www/teste/protected/controllers/FilmesController.php (78)
2019/09/05 15:11:15 [error] [exception.CDbException] CDbException: The table "categoria" for active record class "Categoria" cannot be found in the database. in /data/www/yii/framework/db/ar/CActiveRecord.php:2390
Stack trace:
#0 /data/www/yii/framework/db/ar/CActiveRecord.php(413): CActiveRecordMetaData->__construct(Object(Categoria))
#1 /data/www/yii/framework/db/ar/CActiveRecord.php(663): CActiveRecord->getMetaData()
#2 /data/www/yii/framework/db/ar/CActiveRecord.php(1358): CActiveRecord->getTableSchema()
#3 /data/www/yii/framework/db/ar/CActiveRecord.php(1478): CActiveRecord->query(Object(CDbCriteria), true)
#4 /data/www/teste/protected/views/filmes/_form.php(55): CActiveRecord->findAll('1')
#5 /data/www/yii/framework/web/CBaseController.php(126): require('/data/www/teste...')
#6 /data/www/yii/framework/web/CBaseController.php(95): CBaseController->renderInternal('/data/www/teste...', Array, true)
#7 /data/www/yii/framework/web/CController.php(872): CBaseController->renderFile('/data/www/teste...', Array, true)
#8 /data/www/teste/protected/views/filmes/create.php(19): CController->renderPartial('_form', Array)
#9 /data/www/yii/framework/web/CBaseController.php(126): require('/data/www/teste...')
#10 /data/www/yii/framework/web/CBaseController.php(95): CBaseController->renderInternal('/data/www/teste...', Array, true)
#11 /data/www/yii/framework/web/CController.php(872): CBaseController->renderFile('/data/www/teste...', Array, true)
#12 /data/www/yii/framework/web/CController.php(785): CController->renderPartial('create', Array, true)
#13 /data/www/teste/protected/controllers/FilmesController.php(78): CController->render('create', Array)
#14 /data/www/yii/framework/web/actions/CInlineAction.php(49): FilmesController->actionCreate()
#15 /data/www/yii/framework/web/CController.php(308): CInlineAction->runWithParams(Array)
#16 /data/www/yii/framework/web/filters/CFilterChain.php(134): CController->runAction(Object(CInlineAction))
#17 /data/www/yii/framework/web/filters/CFilter.php(40): CFilterChain->run()
#18 /data/www/yii/framework/web/CController.php(1148): CFilter->filter(Object(CFilterChain))
#19 /data/www/yii/framework/web/filters/CInlineFilter.php(58): CController->filterAccessControl(Object(CFilterChain))
#20 /data/www/yii/framework/web/filters/CFilterChain.php(131): CInlineFilter->filter(Object(CFilterChain))
#21 /data/www/yii/framework/web/CController.php(291): CFilterChain->run()
#22 /data/www/yii/framework/web/CController.php(265): CController->runActionWithFilters(Object(CInlineAction), Array)
#23 /data/www/yii/framework/web/CWebApplication.php(282): CController->run('create')
#24 /data/www/yii/framework/web/CWebApplication.php(141): CWebApplication->runController('filmes/create')
#25 /data/www/yii/framework/base/CApplication.php(185): CWebApplication->processRequest()
#26 /data/www/teste/index.php(13): CApplication->run()
#27 {main}
REQUEST_URI=/teste/index.php?r=filmes/create
HTTP_REFERER=http://localhost/teste/index.php?r=filmes/index
---
2019/09/05 15:11:51 [error] [php] Array to string conversion (/data/www/yii/framework/web/helpers/CHtml.php:2410)
Stack trace:
#0 /data/www/yii/framework/web/helpers/CHtml.php(1993): resolveNameID()
#1 /data/www/yii/framework/web/widgets/CActiveForm.php(914): activeDropDownList()
#2 /data/www/teste/protected/views/filmes/_form.php(60): CActiveForm->dropDownList()
#3 /data/www/yii/framework/web/CBaseController.php(126): require()
#4 /data/www/yii/framework/web/CBaseController.php(95): FilmesController->renderInternal()
#5 /data/www/yii/framework/web/CController.php(872): FilmesController->renderFile()
#6 /data/www/teste/protected/views/filmes/create.php(19): FilmesController->renderPartial()
#7 /data/www/yii/framework/web/CBaseController.php(126): require()
#8 /data/www/yii/framework/web/CBaseController.php(95): FilmesController->renderInternal()
#9 /data/www/yii/framework/web/CController.php(872): FilmesController->renderFile()
#10 /data/www/yii/framework/web/CController.php(785): FilmesController->renderPartial()
#11 /data/www/teste/protected/controllers/FilmesController.php(78): FilmesController->render()
#12 /data/www/yii/framework/web/actions/CInlineAction.php(49): FilmesController->actionCreate()
#13 /data/www/yii/framework/web/CController.php(308): CInlineAction->runWithParams()
#14 /data/www/yii/framework/web/filters/CFilterChain.php(134): FilmesController->runAction()
#15 /data/www/yii/framework/web/filters/CFilter.php(40): CFilterChain->run()
#16 /data/www/yii/framework/web/CController.php(1148): CAccessControlFilter->filter()
#17 /data/www/yii/framework/web/filters/CInlineFilter.php(58): FilmesController->filterAccessControl()
#18 /data/www/yii/framework/web/filters/CFilterChain.php(131): CInlineFilter->filter()
#19 /data/www/yii/framework/web/CController.php(291): CFilterChain->run()
#20 /data/www/yii/framework/web/CController.php(265): FilmesController->runActionWithFilters()
#21 /data/www/yii/framework/web/CWebApplication.php(282): FilmesController->run()
#22 /data/www/yii/framework/web/CWebApplication.php(141): CWebApplication->runController()
#23 /data/www/yii/framework/base/CApplication.php(185): CWebApplication->processRequest()
#24 /data/www/teste/index.php(13): CWebApplication->run()
REQUEST_URI=/teste/index.php?r=filmes/create
in /data/www/teste/protected/views/filmes/_form.php (60)
in /data/www/teste/protected/views/filmes/create.php (19)
in /data/www/teste/protected/controllers/FilmesController.php (78)
2019/09/05 15:19:37 [error] [exception.CException] CException: Property "Filmes.categoria" is not defined. in /data/www/yii/framework/base/CComponent.php:130
Stack trace:
#0 /data/www/yii/framework/db/ar/CActiveRecord.php(145): CComponent->__get('categoria')
#1 /data/www/yii/framework/validators/CRequiredValidator.php(58): CActiveRecord->__get('categoria')
#2 /data/www/yii/framework/validators/CValidator.php(201): CRequiredValidator->validateAttribute(Object(Filmes), 'categoria')
#3 /data/www/yii/framework/base/CModel.php(159): CValidator->validate(Object(Filmes), Array)
#4 /data/www/yii/framework/db/ar/CActiveRecord.php(810): CModel->validate(NULL)
#5 /data/www/teste/protected/controllers/FilmesController.php(73): CActiveRecord->save()
#6 /data/www/yii/framework/web/actions/CInlineAction.php(49): FilmesController->actionCreate()
#7 /data/www/yii/framework/web/CController.php(308): CInlineAction->runWithParams(Array)
#8 /data/www/yii/framework/web/filters/CFilterChain.php(134): CController->runAction(Object(CInlineAction))
#9 /data/www/yii/framework/web/filters/CFilter.php(40): CFilterChain->run()
#10 /data/www/yii/framework/web/CController.php(1148): CFilter->filter(Object(CFilterChain))
#11 /data/www/yii/framework/web/filters/CInlineFilter.php(58): CController->filterAccessControl(Object(CFilterChain))
#12 /data/www/yii/framework/web/filters/CFilterChain.php(131): CInlineFilter->filter(Object(CFilterChain))
#13 /data/www/yii/framework/web/CController.php(291): CFilterChain->run()
#14 /data/www/yii/framework/web/CController.php(265): CController->runActionWithFilters(Object(CInlineAction), Array)
#15 /data/www/yii/framework/web/CWebApplication.php(282): CController->run('create')
#16 /data/www/yii/framework/web/CWebApplication.php(141): CWebApplication->runController('filmes/create')
#17 /data/www/yii/framework/base/CApplication.php(185): CWebApplication->processRequest()
#18 /data/www/teste/index.php(13): CApplication->run()
#19 {main}
REQUEST_URI=/teste/index.php?r=filmes/create
HTTP_REFERER=http://localhost/teste/index.php?r=filmes/create
---
2019/09/05 15:19:59 [error] [exception.CException] CException: Property "Filmes.categoria" is not defined. in /data/www/yii/framework/base/CComponent.php:130
Stack trace:
#0 /data/www/yii/framework/db/ar/CActiveRecord.php(145): CComponent->__get('categoria')
#1 /data/www/yii/framework/validators/CRequiredValidator.php(58): CActiveRecord->__get('categoria')
#2 /data/www/yii/framework/validators/CValidator.php(201): CRequiredValidator->validateAttribute(Object(Filmes), 'categoria')
#3 /data/www/yii/framework/base/CModel.php(159): CValidator->validate(Object(Filmes), Array)
#4 /data/www/yii/framework/db/ar/CActiveRecord.php(810): CModel->validate(NULL)
#5 /data/www/teste/protected/controllers/FilmesController.php(73): CActiveRecord->save()
#6 /data/www/yii/framework/web/actions/CInlineAction.php(49): FilmesController->actionCreate()
#7 /data/www/yii/framework/web/CController.php(308): CInlineAction->runWithParams(Array)
#8 /data/www/yii/framework/web/filters/CFilterChain.php(134): CController->runAction(Object(CInlineAction))
#9 /data/www/yii/framework/web/filters/CFilter.php(40): CFilterChain->run()
#10 /data/www/yii/framework/web/CController.php(1148): CFilter->filter(Object(CFilterChain))
#11 /data/www/yii/framework/web/filters/CInlineFilter.php(58): CController->filterAccessControl(Object(CFilterChain))
#12 /data/www/yii/framework/web/filters/CFilterChain.php(131): CInlineFilter->filter(Object(CFilterChain))
#13 /data/www/yii/framework/web/CController.php(291): CFilterChain->run()
#14 /data/www/yii/framework/web/CController.php(265): CController->runActionWithFilters(Object(CInlineAction), Array)
#15 /data/www/yii/framework/web/CWebApplication.php(282): CController->run('create')
#16 /data/www/yii/framework/web/CWebApplication.php(141): CWebApplication->runController('filmes/create')
#17 /data/www/yii/framework/base/CApplication.php(185): CWebApplication->processRequest()
#18 /data/www/teste/index.php(13): CApplication->run()
#19 {main}
REQUEST_URI=/teste/index.php?r=filmes/create
HTTP_REFERER=http://localhost/teste/index.php?r=filmes/create
---
2019/09/05 15:20:30 [error] [exception.CException] CException: Property "Filmes.categoria" is not defined. in /data/www/yii/framework/base/CComponent.php:130
Stack trace:
#0 /data/www/yii/framework/db/ar/CActiveRecord.php(145): CComponent->__get('categoria')
#1 /data/www/yii/framework/validators/CRequiredValidator.php(58): CActiveRecord->__get('categoria')
#2 /data/www/yii/framework/validators/CValidator.php(201): CRequiredValidator->validateAttribute(Object(Filmes), 'categoria')
#3 /data/www/yii/framework/base/CModel.php(159): CValidator->validate(Object(Filmes), Array)
#4 /data/www/yii/framework/db/ar/CActiveRecord.php(810): CModel->validate(NULL)
#5 /data/www/teste/protected/controllers/FilmesController.php(73): CActiveRecord->save()
#6 /data/www/yii/framework/web/actions/CInlineAction.php(49): FilmesController->actionCreate()
#7 /data/www/yii/framework/web/CController.php(308): CInlineAction->runWithParams(Array)
#8 /data/www/yii/framework/web/filters/CFilterChain.php(134): CController->runAction(Object(CInlineAction))
#9 /data/www/yii/framework/web/filters/CFilter.php(40): CFilterChain->run()
#10 /data/www/yii/framework/web/CController.php(1148): CFilter->filter(Object(CFilterChain))
#11 /data/www/yii/framework/web/filters/CInlineFilter.php(58): CController->filterAccessControl(Object(CFilterChain))
#12 /data/www/yii/framework/web/filters/CFilterChain.php(131): CInlineFilter->filter(Object(CFilterChain))
#13 /data/www/yii/framework/web/CController.php(291): CFilterChain->run()
#14 /data/www/yii/framework/web/CController.php(265): CController->runActionWithFilters(Object(CInlineAction), Array)
#15 /data/www/yii/framework/web/CWebApplication.php(282): CController->run('create')
#16 /data/www/yii/framework/web/CWebApplication.php(141): CWebApplication->runController('filmes/create')
#17 /data/www/yii/framework/base/CApplication.php(185): CWebApplication->processRequest()
#18 /data/www/teste/index.php(13): CApplication->run()
#19 {main}
REQUEST_URI=/teste/index.php?r=filmes/create
HTTP_REFERER=http://localhost/teste/index.php?r=filmes/create
---
2019/09/05 15:21:15 [error] [exception.CException] CException: Property "Filmes.categoria" is not defined. in /data/www/yii/framework/base/CComponent.php:130
Stack trace:
#0 /data/www/yii/framework/db/ar/CActiveRecord.php(145): CComponent->__get('categoria')
#1 /data/www/yii/framework/validators/CRequiredValidator.php(58): CActiveRecord->__get('categoria')
#2 /data/www/yii/framework/validators/CValidator.php(201): CRequiredValidator->validateAttribute(Object(Filmes), 'categoria')
#3 /data/www/yii/framework/base/CModel.php(159): CValidator->validate(Object(Filmes), Array)
#4 /data/www/yii/framework/db/ar/CActiveRecord.php(810): CModel->validate(NULL)
#5 /data/www/teste/protected/controllers/FilmesController.php(73): CActiveRecord->save()
#6 /data/www/yii/framework/web/actions/CInlineAction.php(49): FilmesController->actionCreate()
#7 /data/www/yii/framework/web/CController.php(308): CInlineAction->runWithParams(Array)
#8 /data/www/yii/framework/web/filters/CFilterChain.php(134): CController->runAction(Object(CInlineAction))
#9 /data/www/yii/framework/web/filters/CFilter.php(40): CFilterChain->run()
#10 /data/www/yii/framework/web/CController.php(1148): CFilter->filter(Object(CFilterChain))
#11 /data/www/yii/framework/web/filters/CInlineFilter.php(58): CController->filterAccessControl(Object(CFilterChain))
#12 /data/www/yii/framework/web/filters/CFilterChain.php(131): CInlineFilter->filter(Object(CFilterChain))
#13 /data/www/yii/framework/web/CController.php(291): CFilterChain->run()
#14 /data/www/yii/framework/web/CController.php(265): CController->runActionWithFilters(Object(CInlineAction), Array)
#15 /data/www/yii/framework/web/CWebApplication.php(282): CController->run('create')
#16 /data/www/yii/framework/web/CWebApplication.php(141): CWebApplication->runController('filmes/create')
#17 /data/www/yii/framework/base/CApplication.php(185): CWebApplication->processRequest()
#18 /data/www/teste/index.php(13): CApplication->run()
#19 {main}
REQUEST_URI=/teste/index.php?r=filmes/create
HTTP_REFERER=http://localhost/teste/index.php?r=filmes/create
---
2019/09/05 15:22:33 [error] [exception.CException] CException: Property "Filmes.categoria" is not defined. in /data/www/yii/framework/base/CComponent.php:130
Stack trace:
#0 /data/www/yii/framework/db/ar/CActiveRecord.php(145): CComponent->__get('categoria')
#1 /data/www/yii/framework/validators/CRequiredValidator.php(58): CActiveRecord->__get('categoria')
#2 /data/www/yii/framework/validators/CValidator.php(201): CRequiredValidator->validateAttribute(Object(Filmes), 'categoria')
#3 /data/www/yii/framework/base/CModel.php(159): CValidator->validate(Object(Filmes), Array)
#4 /data/www/yii/framework/db/ar/CActiveRecord.php(810): CModel->validate(NULL)
#5 /data/www/teste/protected/controllers/FilmesController.php(97): CActiveRecord->save()
#6 [internal function]: FilmesController->actionUpdate('1')
#7 /data/www/yii/framework/web/actions/CAction.php(109): ReflectionMethod->invokeArgs(Object(FilmesController), Array)
#8 /data/www/yii/framework/web/actions/CInlineAction.php(47): CAction->runWithParamsInternal(Object(FilmesController), Object(ReflectionMethod), Array)
#9 /data/www/yii/framework/web/CController.php(308): CInlineAction->runWithParams(Array)
#10 /data/www/yii/framework/web/filters/CFilterChain.php(134): CController->runAction(Object(CInlineAction))
#11 /data/www/yii/framework/web/filters/CFilter.php(40): CFilterChain->run()
#12 /data/www/yii/framework/web/CController.php(1148): CFilter->filter(Object(CFilterChain))
#13 /data/www/yii/framework/web/filters/CInlineFilter.php(58): CController->filterAccessControl(Object(CFilterChain))
#14 /data/www/yii/framework/web/filters/CFilterChain.php(131): CInlineFilter->filter(Object(CFilterChain))
#15 /data/www/yii/framework/web/CController.php(291): CFilterChain->run()
#16 /data/www/yii/framework/web/CController.php(265): CController->runActionWithFilters(Object(CInlineAction), Array)
#17 /data/www/yii/framework/web/CWebApplication.php(282): CController->run('update')
#18 /data/www/yii/framework/web/CWebApplication.php(141): CWebApplication->runController('filmes/update')
#19 /data/www/yii/framework/base/CApplication.php(185): CWebApplication->processRequest()
#20 /data/www/teste/index.php(13): CApplication->run()
#21 {main}
REQUEST_URI=/teste/index.php?r=filmes/update&id=1
HTTP_REFERER=http://localhost/teste/index.php?r=filmes/update&id=1
---
2019/09/05 15:23:59 [error] [exception.CException] CException: Property "Filmes.categoria" is not defined. in /data/www/yii/framework/base/CComponent.php:130
Stack trace:
#0 /data/www/yii/framework/db/ar/CActiveRecord.php(145): CComponent->__get('categoria')
#1 /data/www/yii/framework/validators/CRequiredValidator.php(58): CActiveRecord->__get('categoria')
#2 /data/www/yii/framework/validators/CValidator.php(201): CRequiredValidator->validateAttribute(Object(Filmes), 'categoria')
#3 /data/www/yii/framework/base/CModel.php(159): CValidator->validate(Object(Filmes), Array)
#4 /data/www/yii/framework/db/ar/CActiveRecord.php(810): CModel->validate(NULL)
#5 /data/www/teste/protected/controllers/FilmesController.php(73): CActiveRecord->save()
#6 /data/www/yii/framework/web/actions/CInlineAction.php(49): FilmesController->actionCreate()
#7 /data/www/yii/framework/web/CController.php(308): CInlineAction->runWithParams(Array)
#8 /data/www/yii/framework/web/filters/CFilterChain.php(134): CController->runAction(Object(CInlineAction))
#9 /data/www/yii/framework/web/filters/CFilter.php(40): CFilterChain->run()
#10 /data/www/yii/framework/web/CController.php(1148): CFilter->filter(Object(CFilterChain))
#11 /data/www/yii/framework/web/filters/CInlineFilter.php(58): CController->filterAccessControl(Object(CFilterChain))
#12 /data/www/yii/framework/web/filters/CFilterChain.php(131): CInlineFilter->filter(Object(CFilterChain))
#13 /data/www/yii/framework/web/CController.php(291): CFilterChain->run()
#14 /data/www/yii/framework/web/CController.php(265): CController->runActionWithFilters(Object(CInlineAction), Array)
#15 /data/www/yii/framework/web/CWebApplication.php(282): CController->run('create')
#16 /data/www/yii/framework/web/CWebApplication.php(141): CWebApplication->runController('filmes/create')
#17 /data/www/yii/framework/base/CApplication.php(185): CWebApplication->processRequest()
#18 /data/www/teste/index.php(13): CApplication->run()
#19 {main}
REQUEST_URI=/teste/index.php?r=filmes/create
HTTP_REFERER=http://localhost/teste/index.php?r=filmes/create
---
2019/09/05 15:24:04 [error] [exception.CException] CException: Property "Filmes.categoria" is not defined. in /data/www/yii/framework/base/CComponent.php:130
Stack trace:
#0 /data/www/yii/framework/db/ar/CActiveRecord.php(145): CComponent->__get('categoria')
#1 /data/www/yii/framework/validators/CRequiredValidator.php(58): CActiveRecord->__get('categoria')
#2 /data/www/yii/framework/validators/CValidator.php(201): CRequiredValidator->validateAttribute(Object(Filmes), 'categoria')
#3 /data/www/yii/framework/base/CModel.php(159): CValidator->validate(Object(Filmes), Array)
#4 /data/www/yii/framework/db/ar/CActiveRecord.php(810): CModel->validate(NULL)
#5 /data/www/teste/protected/controllers/FilmesController.php(73): CActiveRecord->save()
#6 /data/www/yii/framework/web/actions/CInlineAction.php(49): FilmesController->actionCreate()
#7 /data/www/yii/framework/web/CController.php(308): CInlineAction->runWithParams(Array)
#8 /data/www/yii/framework/web/filters/CFilterChain.php(134): CController->runAction(Object(CInlineAction))
#9 /data/www/yii/framework/web/filters/CFilter.php(40): CFilterChain->run()
#10 /data/www/yii/framework/web/CController.php(1148): CFilter->filter(Object(CFilterChain))
#11 /data/www/yii/framework/web/filters/CInlineFilter.php(58): CController->filterAccessControl(Object(CFilterChain))
#12 /data/www/yii/framework/web/filters/CFilterChain.php(131): CInlineFilter->filter(Object(CFilterChain))
#13 /data/www/yii/framework/web/CController.php(291): CFilterChain->run()
#14 /data/www/yii/framework/web/CController.php(265): CController->runActionWithFilters(Object(CInlineAction), Array)
#15 /data/www/yii/framework/web/CWebApplication.php(282): CController->run('create')
#16 /data/www/yii/framework/web/CWebApplication.php(141): CWebApplication->runController('filmes/create')
#17 /data/www/yii/framework/base/CApplication.php(185): CWebApplication->processRequest()
#18 /data/www/teste/index.php(13): CApplication->run()
#19 {main}
REQUEST_URI=/teste/index.php?r=filmes/create
HTTP_REFERER=http://localhost/teste/index.php?r=filmes/create
---
2019/09/05 15:24:53 [error] [exception.CException] CException: Property "Filmes.categoria" is not defined. in /data/www/yii/framework/base/CComponent.php:130
Stack trace:
#0 /data/www/yii/framework/db/ar/CActiveRecord.php(145): CComponent->__get('categoria')
#1 /data/www/yii/framework/validators/CRequiredValidator.php(58): CActiveRecord->__get('categoria')
#2 /data/www/yii/framework/validators/CValidator.php(201): CRequiredValidator->validateAttribute(Object(Filmes), 'categoria')
#3 /data/www/yii/framework/base/CModel.php(159): CValidator->validate(Object(Filmes), Array)
#4 /data/www/yii/framework/db/ar/CActiveRecord.php(810): CModel->validate(NULL)
#5 /data/www/teste/protected/controllers/FilmesController.php(97): CActiveRecord->save()
#6 [internal function]: FilmesController->actionUpdate('1')
#7 /data/www/yii/framework/web/actions/CAction.php(109): ReflectionMethod->invokeArgs(Object(FilmesController), Array)
#8 /data/www/yii/framework/web/actions/CInlineAction.php(47): CAction->runWithParamsInternal(Object(FilmesController), Object(ReflectionMethod), Array)
#9 /data/www/yii/framework/web/CController.php(308): CInlineAction->runWithParams(Array)
#10 /data/www/yii/framework/web/filters/CFilterChain.php(134): CController->runAction(Object(CInlineAction))
#11 /data/www/yii/framework/web/filters/CFilter.php(40): CFilterChain->run()
#12 /data/www/yii/framework/web/CController.php(1148): CFilter->filter(Object(CFilterChain))
#13 /data/www/yii/framework/web/filters/CInlineFilter.php(58): CController->filterAccessControl(Object(CFilterChain))
#14 /data/www/yii/framework/web/filters/CFilterChain.php(131): CInlineFilter->filter(Object(CFilterChain))
#15 /data/www/yii/framework/web/CController.php(291): CFilterChain->run()
#16 /data/www/yii/framework/web/CController.php(265): CController->runActionWithFilters(Object(CInlineAction), Array)
#17 /data/www/yii/framework/web/CWebApplication.php(282): CController->run('update')
#18 /data/www/yii/framework/web/CWebApplication.php(141): CWebApplication->runController('filmes/update')
#19 /data/www/yii/framework/base/CApplication.php(185): CWebApplication->processRequest()
#20 /data/www/teste/index.php(13): CApplication->run()
#21 {main}
REQUEST_URI=/teste/index.php?r=filmes/update&id=1
HTTP_REFERER=http://localhost/teste/index.php?r=filmes/update&id=1
---
2019/09/05 15:44:09 [error] [exception.CException] CException: Property "Filmes.categoria" is not defined. in /data/www/yii/framework/base/CComponent.php:130
Stack trace:
#0 /data/www/yii/framework/db/ar/CActiveRecord.php(145): CComponent->__get('categoria')
#1 /data/www/yii/framework/validators/CRequiredValidator.php(58): CActiveRecord->__get('categoria')
#2 /data/www/yii/framework/validators/CValidator.php(201): CRequiredValidator->validateAttribute(Object(Filmes), 'categoria')
#3 /data/www/yii/framework/base/CModel.php(159): CValidator->validate(Object(Filmes), Array)
#4 /data/www/yii/framework/db/ar/CActiveRecord.php(810): CModel->validate(NULL)
#5 /data/www/teste/protected/controllers/FilmesController.php(73): CActiveRecord->save()
#6 /data/www/yii/framework/web/actions/CInlineAction.php(49): FilmesController->actionCreate()
#7 /data/www/yii/framework/web/CController.php(308): CInlineAction->runWithParams(Array)
#8 /data/www/yii/framework/web/filters/CFilterChain.php(134): CController->runAction(Object(CInlineAction))
#9 /data/www/yii/framework/web/filters/CFilter.php(40): CFilterChain->run()
#10 /data/www/yii/framework/web/CController.php(1148): CFilter->filter(Object(CFilterChain))
#11 /data/www/yii/framework/web/filters/CInlineFilter.php(58): CController->filterAccessControl(Object(CFilterChain))
#12 /data/www/yii/framework/web/filters/CFilterChain.php(131): CInlineFilter->filter(Object(CFilterChain))
#13 /data/www/yii/framework/web/CController.php(291): CFilterChain->run()
#14 /data/www/yii/framework/web/CController.php(265): CController->runActionWithFilters(Object(CInlineAction), Array)
#15 /data/www/yii/framework/web/CWebApplication.php(282): CController->run('create')
#16 /data/www/yii/framework/web/CWebApplication.php(141): CWebApplication->runController('filmes/create')
#17 /data/www/yii/framework/base/CApplication.php(185): CWebApplication->processRequest()
#18 /data/www/teste/index.php(13): CApplication->run()
#19 {main}
REQUEST_URI=/teste/index.php?r=filmes/create
HTTP_REFERER=http://localhost/teste/index.php?r=filmes/create
---
2019/09/05 15:44:53 [error] [exception.CException] CException: Property "Filmes.categoria" is not defined. in /data/www/yii/framework/base/CComponent.php:130
Stack trace:
#0 /data/www/yii/framework/db/ar/CActiveRecord.php(145): CComponent->__get('categoria')
#1 /data/www/yii/framework/validators/CRequiredValidator.php(58): CActiveRecord->__get('categoria')
#2 /data/www/yii/framework/validators/CValidator.php(201): CRequiredValidator->validateAttribute(Object(Filmes), 'categoria')
#3 /data/www/yii/framework/base/CModel.php(159): CValidator->validate(Object(Filmes), Array)
#4 /data/www/yii/framework/db/ar/CActiveRecord.php(810): CModel->validate(NULL)
#5 /data/www/teste/protected/controllers/FilmesController.php(73): CActiveRecord->save()
#6 /data/www/yii/framework/web/actions/CInlineAction.php(49): FilmesController->actionCreate()
#7 /data/www/yii/framework/web/CController.php(308): CInlineAction->runWithParams(Array)
#8 /data/www/yii/framework/web/filters/CFilterChain.php(134): CController->runAction(Object(CInlineAction))
#9 /data/www/yii/framework/web/filters/CFilter.php(40): CFilterChain->run()
#10 /data/www/yii/framework/web/CController.php(1148): CFilter->filter(Object(CFilterChain))
#11 /data/www/yii/framework/web/filters/CInlineFilter.php(58): CController->filterAccessControl(Object(CFilterChain))
#12 /data/www/yii/framework/web/filters/CFilterChain.php(131): CInlineFilter->filter(Object(CFilterChain))
#13 /data/www/yii/framework/web/CController.php(291): CFilterChain->run()
#14 /data/www/yii/framework/web/CController.php(265): CController->runActionWithFilters(Object(CInlineAction), Array)
#15 /data/www/yii/framework/web/CWebApplication.php(282): CController->run('create')
#16 /data/www/yii/framework/web/CWebApplication.php(141): CWebApplication->runController('filmes/create')
#17 /data/www/yii/framework/base/CApplication.php(185): CWebApplication->processRequest()
#18 /data/www/teste/index.php(13): CApplication->run()
#19 {main}
REQUEST_URI=/teste/index.php?r=filmes/create
HTTP_REFERER=http://localhost/teste/index.php?r=filmes/create
---
2019/09/05 15:45:13 [error] [exception.CException] CException: Property "Filmes.categoria" is not defined. in /data/www/yii/framework/base/CComponent.php:130
Stack trace:
#0 /data/www/yii/framework/db/ar/CActiveRecord.php(145): CComponent->__get('categoria')
#1 /data/www/yii/framework/validators/CRequiredValidator.php(58): CActiveRecord->__get('categoria')
#2 /data/www/yii/framework/validators/CValidator.php(201): CRequiredValidator->validateAttribute(Object(Filmes), 'categoria')
#3 /data/www/yii/framework/base/CModel.php(159): CValidator->validate(Object(Filmes), Array)
#4 /data/www/yii/framework/db/ar/CActiveRecord.php(810): CModel->validate(NULL)
#5 /data/www/teste/protected/controllers/FilmesController.php(73): CActiveRecord->save()
#6 /data/www/yii/framework/web/actions/CInlineAction.php(49): FilmesController->actionCreate()
#7 /data/www/yii/framework/web/CController.php(308): CInlineAction->runWithParams(Array)
#8 /data/www/yii/framework/web/filters/CFilterChain.php(134): CController->runAction(Object(CInlineAction))
#9 /data/www/yii/framework/web/filters/CFilter.php(40): CFilterChain->run()
#10 /data/www/yii/framework/web/CController.php(1148): CFilter->filter(Object(CFilterChain))
#11 /data/www/yii/framework/web/filters/CInlineFilter.php(58): CController->filterAccessControl(Object(CFilterChain))
#12 /data/www/yii/framework/web/filters/CFilterChain.php(131): CInlineFilter->filter(Object(CFilterChain))
#13 /data/www/yii/framework/web/CController.php(291): CFilterChain->run()
#14 /data/www/yii/framework/web/CController.php(265): CController->runActionWithFilters(Object(CInlineAction), Array)
#15 /data/www/yii/framework/web/CWebApplication.php(282): CController->run('create')
#16 /data/www/yii/framework/web/CWebApplication.php(141): CWebApplication->runController('filmes/create')
#17 /data/www/yii/framework/base/CApplication.php(185): CWebApplication->processRequest()
#18 /data/www/teste/index.php(13): CApplication->run()
#19 {main}
REQUEST_URI=/teste/index.php?r=filmes/create
HTTP_REFERER=http://localhost/teste/index.php?r=filmes/create
---
2019/09/05 15:47:19 [error] [exception.CException] CException: Property "Filmes.categoria" is not defined. in /data/www/yii/framework/base/CComponent.php:130
Stack trace:
#0 /data/www/yii/framework/db/ar/CActiveRecord.php(145): CComponent->__get('categoria')
#1 /data/www/yii/framework/validators/CRequiredValidator.php(58): CActiveRecord->__get('categoria')
#2 /data/www/yii/framework/validators/CValidator.php(201): CRequiredValidator->validateAttribute(Object(Filmes), 'categoria')
#3 /data/www/yii/framework/base/CModel.php(159): CValidator->validate(Object(Filmes), Array)
#4 /data/www/yii/framework/db/ar/CActiveRecord.php(810): CModel->validate(NULL)
#5 /data/www/teste/protected/controllers/FilmesController.php(73): CActiveRecord->save()
#6 /data/www/yii/framework/web/actions/CInlineAction.php(49): FilmesController->actionCreate()
#7 /data/www/yii/framework/web/CController.php(308): CInlineAction->runWithParams(Array)
#8 /data/www/yii/framework/web/filters/CFilterChain.php(134): CController->runAction(Object(CInlineAction))
#9 /data/www/yii/framework/web/filters/CFilter.php(40): CFilterChain->run()
#10 /data/www/yii/framework/web/CController.php(1148): CFilter->filter(Object(CFilterChain))
#11 /data/www/yii/framework/web/filters/CInlineFilter.php(58): CController->filterAccessControl(Object(CFilterChain))
#12 /data/www/yii/framework/web/filters/CFilterChain.php(131): CInlineFilter->filter(Object(CFilterChain))
#13 /data/www/yii/framework/web/CController.php(291): CFilterChain->run()
#14 /data/www/yii/framework/web/CController.php(265): CController->runActionWithFilters(Object(CInlineAction), Array)
#15 /data/www/yii/framework/web/CWebApplication.php(282): CController->run('create')
#16 /data/www/yii/framework/web/CWebApplication.php(141): CWebApplication->runController('filmes/create')
#17 /data/www/yii/framework/base/CApplication.php(185): CWebApplication->processRequest()
#18 /data/www/teste/index.php(13): CApplication->run()
#19 {main}
REQUEST_URI=/teste/index.php?r=filmes/create
HTTP_REFERER=http://localhost/teste/index.php?r=filmes/create
---
2019/09/05 15:47:27 [error] [exception.CException] CException: Property "Filmes.categoria" is not defined. in /data/www/yii/framework/base/CComponent.php:130
Stack trace:
#0 /data/www/yii/framework/db/ar/CActiveRecord.php(145): CComponent->__get('categoria')
#1 /data/www/yii/framework/validators/CRequiredValidator.php(58): CActiveRecord->__get('categoria')
#2 /data/www/yii/framework/validators/CValidator.php(201): CRequiredValidator->validateAttribute(Object(Filmes), 'categoria')
#3 /data/www/yii/framework/base/CModel.php(159): CValidator->validate(Object(Filmes), Array)
#4 /data/www/yii/framework/db/ar/CActiveRecord.php(810): CModel->validate(NULL)
#5 /data/www/teste/protected/controllers/FilmesController.php(73): CActiveRecord->save()
#6 /data/www/yii/framework/web/actions/CInlineAction.php(49): FilmesController->actionCreate()
#7 /data/www/yii/framework/web/CController.php(308): CInlineAction->runWithParams(Array)
#8 /data/www/yii/framework/web/filters/CFilterChain.php(134): CController->runAction(Object(CInlineAction))
#9 /data/www/yii/framework/web/filters/CFilter.php(40): CFilterChain->run()
#10 /data/www/yii/framework/web/CController.php(1148): CFilter->filter(Object(CFilterChain))
#11 /data/www/yii/framework/web/filters/CInlineFilter.php(58): CController->filterAccessControl(Object(CFilterChain))
#12 /data/www/yii/framework/web/filters/CFilterChain.php(131): CInlineFilter->filter(Object(CFilterChain))
#13 /data/www/yii/framework/web/CController.php(291): CFilterChain->run()
#14 /data/www/yii/framework/web/CController.php(265): CController->runActionWithFilters(Object(CInlineAction), Array)
#15 /data/www/yii/framework/web/CWebApplication.php(282): CController->run('create')
#16 /data/www/yii/framework/web/CWebApplication.php(141): CWebApplication->runController('filmes/create')
#17 /data/www/yii/framework/base/CApplication.php(185): CWebApplication->processRequest()
#18 /data/www/teste/index.php(13): CApplication->run()
#19 {main}
REQUEST_URI=/teste/index.php?r=filmes/create
HTTP_REFERER=http://localhost/teste/index.php?r=filmes/create
---
2019/09/05 15:50:01 [error] [exception.CException] CException: Property "Filmes.categoria" is not defined. in /data/www/yii/framework/base/CComponent.php:130
Stack trace:
#0 /data/www/yii/framework/db/ar/CActiveRecord.php(145): CComponent->__get('categoria')
#1 /data/www/yii/framework/validators/CRequiredValidator.php(58): CActiveRecord->__get('categoria')
#2 /data/www/yii/framework/validators/CValidator.php(201): CRequiredValidator->validateAttribute(Object(Filmes), 'categoria')
#3 /data/www/yii/framework/base/CModel.php(159): CValidator->validate(Object(Filmes), Array)
#4 /data/www/yii/framework/db/ar/CActiveRecord.php(810): CModel->validate(NULL)
#5 /data/www/teste/protected/controllers/FilmesController.php(73): CActiveRecord->save()
#6 /data/www/yii/framework/web/actions/CInlineAction.php(49): FilmesController->actionCreate()
#7 /data/www/yii/framework/web/CController.php(308): CInlineAction->runWithParams(Array)
#8 /data/www/yii/framework/web/filters/CFilterChain.php(134): CController->runAction(Object(CInlineAction))
#9 /data/www/yii/framework/web/filters/CFilter.php(40): CFilterChain->run()
#10 /data/www/yii/framework/web/CController.php(1148): CFilter->filter(Object(CFilterChain))
#11 /data/www/yii/framework/web/filters/CInlineFilter.php(58): CController->filterAccessControl(Object(CFilterChain))
#12 /data/www/yii/framework/web/filters/CFilterChain.php(131): CInlineFilter->filter(Object(CFilterChain))
#13 /data/www/yii/framework/web/CController.php(291): CFilterChain->run()
#14 /data/www/yii/framework/web/CController.php(265): CController->runActionWithFilters(Object(CInlineAction), Array)
#15 /data/www/yii/framework/web/CWebApplication.php(282): CController->run('create')
#16 /data/www/yii/framework/web/CWebApplication.php(141): CWebApplication->runController('filmes/create')
#17 /data/www/yii/framework/base/CApplication.php(185): CWebApplication->processRequest()
#18 /data/www/teste/index.php(13): CApplication->run()
#19 {main}
REQUEST_URI=/teste/index.php?r=filmes/create
HTTP_REFERER=http://localhost/teste/index.php?r=filmes/create
---
2019/09/05 15:51:47 [error] [exception.CException] CException: Property "Filmes.categoria" is not defined. in /data/www/yii/framework/base/CComponent.php:130
Stack trace:
#0 /data/www/yii/framework/db/ar/CActiveRecord.php(145): CComponent->__get('categoria')
#1 /data/www/yii/framework/validators/CRequiredValidator.php(58): CActiveRecord->__get('categoria')
#2 /data/www/yii/framework/validators/CValidator.php(201): CRequiredValidator->validateAttribute(Object(Filmes), 'categoria')
#3 /data/www/yii/framework/base/CModel.php(159): CValidator->validate(Object(Filmes), Array)
#4 /data/www/yii/framework/db/ar/CActiveRecord.php(810): CModel->validate(NULL)
#5 /data/www/teste/protected/controllers/FilmesController.php(73): CActiveRecord->save()
#6 /data/www/yii/framework/web/actions/CInlineAction.php(49): FilmesController->actionCreate()
#7 /data/www/yii/framework/web/CController.php(308): CInlineAction->runWithParams(Array)
#8 /data/www/yii/framework/web/filters/CFilterChain.php(134): CController->runAction(Object(CInlineAction))
#9 /data/www/yii/framework/web/filters/CFilter.php(40): CFilterChain->run()
#10 /data/www/yii/framework/web/CController.php(1148): CFilter->filter(Object(CFilterChain))
#11 /data/www/yii/framework/web/filters/CInlineFilter.php(58): CController->filterAccessControl(Object(CFilterChain))
#12 /data/www/yii/framework/web/filters/CFilterChain.php(131): CInlineFilter->filter(Object(CFilterChain))
#13 /data/www/yii/framework/web/CController.php(291): CFilterChain->run()
#14 /data/www/yii/framework/web/CController.php(265): CController->runActionWithFilters(Object(CInlineAction), Array)
#15 /data/www/yii/framework/web/CWebApplication.php(282): CController->run('create')
#16 /data/www/yii/framework/web/CWebApplication.php(141): CWebApplication->runController('filmes/create')
#17 /data/www/yii/framework/base/CApplication.php(185): CWebApplication->processRequest()
#18 /data/www/teste/index.php(13): CApplication->run()
#19 {main}
REQUEST_URI=/teste/index.php?r=filmes/create
HTTP_REFERER=http://localhost/teste/index.php?r=filmes/create
---
2019/09/05 15:54:05 [error] [exception.CException] CException: Property "CategoriaFilme.categoria" is not defined. in /data/www/yii/framework/base/CComponent.php:130
Stack trace:
#0 /data/www/yii/framework/db/ar/CActiveRecord.php(145): CComponent->__get('categoria')
#1 /data/www/teste/protected/views/filmes/_view.php(29): CActiveRecord->__get('categoria')
#2 /data/www/yii/framework/web/CBaseController.php(130): require('/data/www/teste...')
#3 /data/www/yii/framework/web/CBaseController.php(95): CBaseController->renderInternal('/data/www/teste...', Array, false)
#4 /data/www/yii/framework/zii/widgets/CListView.php(291): CBaseController->renderFile('/data/www/teste...', Array)
#5 /data/www/yii/framework/zii/widgets/CBaseListView.php(181): CListView->renderItems()
#6 [internal function]: CBaseListView->renderSection(Array)
#7 /data/www/yii/framework/zii/widgets/CBaseListView.php(164): preg_replace_callback('/{(\\w+)}/', Array, '{summary}\n{sort...')
#8 /data/www/yii/framework/zii/widgets/CBaseListView.php(149): CBaseListView->renderContent()
#9 /data/www/yii/framework/web/CBaseController.php(182): CBaseListView->run()
#10 /data/www/teste/protected/views/filmes/index.php(22): CBaseController->widget('zii.widgets.CLi...', Array)
#11 /data/www/yii/framework/web/CBaseController.php(126): require('/data/www/teste...')
#12 /data/www/yii/framework/web/CBaseController.php(95): CBaseController->renderInternal('/data/www/teste...', Array, true)
#13 /data/www/yii/framework/web/CController.php(872): CBaseController->renderFile('/data/www/teste...', Array, true)
#14 /data/www/yii/framework/web/CController.php(785): CController->renderPartial('index', Array, true)
#15 /data/www/teste/protected/controllers/FilmesController.php(127): CController->render('index', Array)
#16 /data/www/yii/framework/web/actions/CInlineAction.php(49): FilmesController->actionIndex()
#17 /data/www/yii/framework/web/CController.php(308): CInlineAction->runWithParams(Array)
#18 /data/www/yii/framework/web/filters/CFilterChain.php(134): CController->runAction(Object(CInlineAction))
#19 /data/www/yii/framework/web/filters/CFilter.php(40): CFilterChain->run()
#20 /data/www/yii/framework/web/CController.php(1148): CFilter->filter(Object(CFilterChain))
#21 /data/www/yii/framework/web/filters/CInlineFilter.php(58): CController->filterAccessControl(Object(CFilterChain))
#22 /data/www/yii/framework/web/filters/CFilterChain.php(131): CInlineFilter->filter(Object(CFilterChain))
#23 /data/www/yii/framework/web/CController.php(291): CFilterChain->run()
#24 /data/www/yii/framework/web/CController.php(265): CController->runActionWithFilters(Object(CInlineAction), Array)
#25 /data/www/yii/framework/web/CWebApplication.php(282): CController->run('index')
#26 /data/www/yii/framework/web/CWebApplication.php(141): CWebApplication->runController('filmes/index')
#27 /data/www/yii/framework/base/CApplication.php(185): CWebApplication->processRequest()
#28 /data/www/teste/index.php(13): CApplication->run()
#29 {main}
REQUEST_URI=/teste/index.php?r=filmes/index
HTTP_REFERER=http://localhost/teste/index.php?r=filmes/view&id=15
---
2019/09/05 15:54:11 [error] [exception.CException] CException: Property "CategoriaFilme.categoria" is not defined. in /data/www/yii/framework/base/CComponent.php:130
Stack trace:
#0 /data/www/yii/framework/db/ar/CActiveRecord.php(145): CComponent->__get('categoria')
#1 /data/www/teste/protected/views/filmes/_view.php(29): CActiveRecord->__get('categoria')
#2 /data/www/yii/framework/web/CBaseController.php(130): require('/data/www/teste...')
#3 /data/www/yii/framework/web/CBaseController.php(95): CBaseController->renderInternal('/data/www/teste...', Array, false)
#4 /data/www/yii/framework/zii/widgets/CListView.php(291): CBaseController->renderFile('/data/www/teste...', Array)
#5 /data/www/yii/framework/zii/widgets/CBaseListView.php(181): CListView->renderItems()
#6 [internal function]: CBaseListView->renderSection(Array)
#7 /data/www/yii/framework/zii/widgets/CBaseListView.php(164): preg_replace_callback('/{(\\w+)}/', Array, '{summary}\n{sort...')
#8 /data/www/yii/framework/zii/widgets/CBaseListView.php(149): CBaseListView->renderContent()
#9 /data/www/yii/framework/web/CBaseController.php(182): CBaseListView->run()
#10 /data/www/teste/protected/views/filmes/index.php(22): CBaseController->widget('zii.widgets.CLi...', Array)
#11 /data/www/yii/framework/web/CBaseController.php(126): require('/data/www/teste...')
#12 /data/www/yii/framework/web/CBaseController.php(95): CBaseController->renderInternal('/data/www/teste...', Array, true)
#13 /data/www/yii/framework/web/CController.php(872): CBaseController->renderFile('/data/www/teste...', Array, true)
#14 /data/www/yii/framework/web/CController.php(785): CController->renderPartial('index', Array, true)
#15 /data/www/teste/protected/controllers/FilmesController.php(127): CController->render('index', Array)
#16 /data/www/yii/framework/web/actions/CInlineAction.php(49): FilmesController->actionIndex()
#17 /data/www/yii/framework/web/CController.php(308): CInlineAction->runWithParams(Array)
#18 /data/www/yii/framework/web/filters/CFilterChain.php(134): CController->runAction(Object(CInlineAction))
#19 /data/www/yii/framework/web/filters/CFilter.php(40): CFilterChain->run()
#20 /data/www/yii/framework/web/CController.php(1148): CFilter->filter(Object(CFilterChain))
#21 /data/www/yii/framework/web/filters/CInlineFilter.php(58): CController->filterAccessControl(Object(CFilterChain))
#22 /data/www/yii/framework/web/filters/CFilterChain.php(131): CInlineFilter->filter(Object(CFilterChain))
#23 /data/www/yii/framework/web/CController.php(291): CFilterChain->run()
#24 /data/www/yii/framework/web/CController.php(265): CController->runActionWithFilters(Object(CInlineAction), Array)
#25 /data/www/yii/framework/web/CWebApplication.php(282): CController->run('index')
#26 /data/www/yii/framework/web/CWebApplication.php(141): CWebApplication->runController('filmes/index')
#27 /data/www/yii/framework/base/CApplication.php(185): CWebApplication->processRequest()
#28 /data/www/teste/index.php(13): CApplication->run()
#29 {main}
REQUEST_URI=/teste/index.php?r=filmes/index
HTTP_REFERER=http://localhost/teste/index.php?r=site/index
---
2019/09/05 16:04:30 [error] [php] Undefined variable: dataProvider (/data/www/teste/protected/views/emprestimo/_form.php:21)
Stack trace:
#0 /data/www/yii/framework/web/CController.php(872): EmprestimoController->renderFile()
#1 /data/www/teste/protected/views/emprestimo/create.php(20): EmprestimoController->renderPartial()
#2 /data/www/yii/framework/web/CBaseController.php(126): require()
#3 /data/www/yii/framework/web/CBaseController.php(95): EmprestimoController->renderInternal()
#4 /data/www/yii/framework/web/CController.php(872): EmprestimoController->renderFile()
#5 /data/www/yii/framework/web/CController.php(785): EmprestimoController->renderPartial()
#6 /data/www/teste/protected/controllers/EmprestimoController.php(78): EmprestimoController->render()
#7 /data/www/yii/framework/web/actions/CInlineAction.php(49): EmprestimoController->actionCreate()
#8 /data/www/yii/framework/web/CController.php(308): CInlineAction->runWithParams()
#9 /data/www/yii/framework/web/filters/CFilterChain.php(134): EmprestimoController->runAction()
#10 /data/www/yii/framework/web/filters/CFilter.php(40): CFilterChain->run()
#11 /data/www/yii/framework/web/CController.php(1148): CAccessControlFilter->filter()
#12 /data/www/yii/framework/web/filters/CInlineFilter.php(58): EmprestimoController->filterAccessControl()
#13 /data/www/yii/framework/web/filters/CFilterChain.php(131): CInlineFilter->filter()
#14 /data/www/yii/framework/web/CController.php(291): CFilterChain->run()
#15 /data/www/yii/framework/web/CController.php(265): EmprestimoController->runActionWithFilters()
#16 /data/www/yii/framework/web/CWebApplication.php(282): EmprestimoController->run()
#17 /data/www/yii/framework/web/CWebApplication.php(141): CWebApplication->runController()
#18 /data/www/yii/framework/base/CApplication.php(185): CWebApplication->processRequest()
#19 /data/www/teste/index.php(13): CWebApplication->run()
REQUEST_URI=/teste/index.php?r=emprestimo/create
in /data/www/teste/protected/views/emprestimo/_form.php (21)
in /data/www/teste/protected/views/emprestimo/create.php (20)
in /data/www/teste/protected/controllers/EmprestimoController.php (78)
2019/09/05 16:22:49 [error] [exception.CException] CException: Either "name" or "value" must be specified for CDataColumn. in /data/www/yii/framework/zii/widgets/grid/CDataColumn.php:84
Stack trace:
#0 /data/www/yii/framework/zii/widgets/grid/CGridView.php(401): CDataColumn->init()
#1 /data/www/yii/framework/zii/widgets/grid/CGridView.php(359): CGridView->initColumns()
#2 /data/www/yii/framework/web/CBaseController.php(147): CGridView->init()
#3 /data/www/yii/framework/web/CBaseController.php(181): CBaseController->createWidget('zii.widgets.gri...', Array)
#4 /data/www/teste/protected/views/emprestimo/admin.php(39): CBaseController->widget('zii.widgets.gri...', Array)
#5 /data/www/yii/framework/web/CBaseController.php(126): require('/data/www/teste...')
#6 /data/www/yii/framework/web/CBaseController.php(95): CBaseController->renderInternal('/data/www/teste...', Array, true)
#7 /data/www/yii/framework/web/CController.php(872): CBaseController->renderFile('/data/www/teste...', Array, true)
#8 /data/www/yii/framework/web/CController.php(785): CController->renderPartial('admin', Array, true)
#9 /data/www/teste/protected/controllers/EmprestimoController.php(142): CController->render('admin', Array)
#10 /data/www/yii/framework/web/actions/CInlineAction.php(49): EmprestimoController->actionAdmin()
#11 /data/www/yii/framework/web/CController.php(308): CInlineAction->runWithParams(Array)
#12 /data/www/yii/framework/web/filters/CFilterChain.php(134): CController->runAction(Object(CInlineAction))
#13 /data/www/yii/framework/web/filters/CFilter.php(40): CFilterChain->run()
#14 /data/www/yii/framework/web/CController.php(1148): CFilter->filter(Object(CFilterChain))
#15 /data/www/yii/framework/web/filters/CInlineFilter.php(58): CController->filterAccessControl(Object(CFilterChain))
#16 /data/www/yii/framework/web/filters/CFilterChain.php(131): CInlineFilter->filter(Object(CFilterChain))
#17 /data/www/yii/framework/web/CController.php(291): CFilterChain->run()
#18 /data/www/yii/framework/web/CController.php(265): CController->runActionWithFilters(Object(CInlineAction), Array)
#19 /data/www/yii/framework/web/CWebApplication.php(282): CController->run('admin')
#20 /data/www/yii/framework/web/CWebApplication.php(141): CWebApplication->runController('emprestimo/admi...')
#21 /data/www/yii/framework/base/CApplication.php(185): CWebApplication->processRequest()
#22 /data/www/teste/index.php(13): CApplication->run()
#23 {main}
REQUEST_URI=/teste/index.php?r=emprestimo/admin
HTTP_REFERER=http://localhost/teste/index.php?r=emprestimo/update&id=1
---
2019/09/05 16:23:08 [error] [exception.CException] CException: The "dataProvider" property cannot be empty. in /data/www/yii/framework/zii/widgets/CBaseListView.php:123
Stack trace:
#0 /data/www/yii/framework/zii/widgets/grid/CGridView.php(339): CBaseListView->init()
#1 /data/www/yii/framework/web/CBaseController.php(147): CGridView->init()
#2 /data/www/yii/framework/web/CBaseController.php(181): CBaseController->createWidget('zii.widgets.gri...', Array)
#3 /data/www/teste/protected/views/emprestimo/admin.php(39): CBaseController->widget('zii.widgets.gri...', Array)
#4 /data/www/yii/framework/web/CBaseController.php(126): require('/data/www/teste...')
#5 /data/www/yii/framework/web/CBaseController.php(95): CBaseController->renderInternal('/data/www/teste...', Array, true)
#6 /data/www/yii/framework/web/CController.php(872): CBaseController->renderFile('/data/www/teste...', Array, true)
#7 /data/www/yii/framework/web/CController.php(785): CController->renderPartial('admin', Array, true)
#8 /data/www/teste/protected/controllers/EmprestimoController.php(142): CController->render('admin', Array)
#9 /data/www/yii/framework/web/actions/CInlineAction.php(49): EmprestimoController->actionAdmin()
#10 /data/www/yii/framework/web/CController.php(308): CInlineAction->runWithParams(Array)
#11 /data/www/yii/framework/web/filters/CFilterChain.php(134): CController->runAction(Object(CInlineAction))
#12 /data/www/yii/framework/web/filters/CFilter.php(40): CFilterChain->run()
#13 /data/www/yii/framework/web/CController.php(1148): CFilter->filter(Object(CFilterChain))
#14 /data/www/yii/framework/web/filters/CInlineFilter.php(58): CController->filterAccessControl(Object(CFilterChain))
#15 /data/www/yii/framework/web/filters/CFilterChain.php(131): CInlineFilter->filter(Object(CFilterChain))
#16 /data/www/yii/framework/web/CController.php(291): CFilterChain->run()
#17 /data/www/yii/framework/web/CController.php(265): CController->runActionWithFilters(Object(CInlineAction), Array)
#18 /data/www/yii/framework/web/CWebApplication.php(282): CController->run('admin')
#19 /data/www/yii/framework/web/CWebApplication.php(141): CWebApplication->runController('emprestimo/admi...')
#20 /data/www/yii/framework/base/CApplication.php(185): CWebApplication->processRequest()
#21 /data/www/teste/index.php(13): CApplication->run()
#22 {main}
REQUEST_URI=/teste/index.php?r=emprestimo/admin
HTTP_REFERER=http://localhost/teste/index.php?r=emprestimo/update&id=1
---
2019/09/05 16:23:10 [error] [exception.CException] CException: The "dataProvider" property cannot be empty. in /data/www/yii/framework/zii/widgets/CBaseListView.php:123
Stack trace:
#0 /data/www/yii/framework/zii/widgets/grid/CGridView.php(339): CBaseListView->init()
#1 /data/www/yii/framework/web/CBaseController.php(147): CGridView->init()
#2 /data/www/yii/framework/web/CBaseController.php(181): CBaseController->createWidget('zii.widgets.gri...', Array)
#3 /data/www/teste/protected/views/emprestimo/admin.php(39): CBaseController->widget('zii.widgets.gri...', Array)
#4 /data/www/yii/framework/web/CBaseController.php(126): require('/data/www/teste...')
#5 /data/www/yii/framework/web/CBaseController.php(95): CBaseController->renderInternal('/data/www/teste...', Array, true)
#6 /data/www/yii/framework/web/CController.php(872): CBaseController->renderFile('/data/www/teste...', Array, true)
#7 /data/www/yii/framework/web/CController.php(785): CController->renderPartial('admin', Array, true)
#8 /data/www/teste/protected/controllers/EmprestimoController.php(142): CController->render('admin', Array)
#9 /data/www/yii/framework/web/actions/CInlineAction.php(49): EmprestimoController->actionAdmin()
#10 /data/www/yii/framework/web/CController.php(308): CInlineAction->runWithParams(Array)
#11 /data/www/yii/framework/web/filters/CFilterChain.php(134): CController->runAction(Object(CInlineAction))
#12 /data/www/yii/framework/web/filters/CFilter.php(40): CFilterChain->run()
#13 /data/www/yii/framework/web/CController.php(1148): CFilter->filter(Object(CFilterChain))
#14 /data/www/yii/framework/web/filters/CInlineFilter.php(58): CController->filterAccessControl(Object(CFilterChain))
#15 /data/www/yii/framework/web/filters/CFilterChain.php(131): CInlineFilter->filter(Object(CFilterChain))
#16 /data/www/yii/framework/web/CController.php(291): CFilterChain->run()
#17 /data/www/yii/framework/web/CController.php(265): CController->runActionWithFilters(Object(CInlineAction), Array)
#18 /data/www/yii/framework/web/CWebApplication.php(282): CController->run('admin')
#19 /data/www/yii/framework/web/CWebApplication.php(141): CWebApplication->runController('emprestimo/admi...')
#20 /data/www/yii/framework/base/CApplication.php(185): CWebApplication->processRequest()
#21 /data/www/teste/index.php(13): CApplication->run()
#22 {main}
REQUEST_URI=/teste/index.php?r=emprestimo/admin
HTTP_REFERER=http://localhost/teste/index.php?r=emprestimo/update&id=1
---
2019/09/05 16:30:58 [error] [php] Object of class DateTime could not be converted to string (/data/www/teste/protected/views/emprestimo/_form.php:39)
Stack trace:
#0 /data/www/yii/framework/web/CController.php(872): EmprestimoController->renderFile()
#1 /data/www/teste/protected/views/emprestimo/create.php(20): EmprestimoController->renderPartial()
#2 /data/www/yii/framework/web/CBaseController.php(126): require()
#3 /data/www/yii/framework/web/CBaseController.php(95): EmprestimoController->renderInternal()
#4 /data/www/yii/framework/web/CController.php(872): EmprestimoController->renderFile()
#5 /data/www/yii/framework/web/CController.php(785): EmprestimoController->renderPartial()
#6 /data/www/teste/protected/controllers/EmprestimoController.php(78): EmprestimoController->render()
#7 /data/www/yii/framework/web/actions/CInlineAction.php(49): EmprestimoController->actionCreate()
#8 /data/www/yii/framework/web/CController.php(308): CInlineAction->runWithParams()
#9 /data/www/yii/framework/web/filters/CFilterChain.php(134): EmprestimoController->runAction()
#10 /data/www/yii/framework/web/filters/CFilter.php(40): CFilterChain->run()
#11 /data/www/yii/framework/web/CController.php(1148): CAccessControlFilter->filter()
#12 /data/www/yii/framework/web/filters/CInlineFilter.php(58): EmprestimoController->filterAccessControl()
#13 /data/www/yii/framework/web/filters/CFilterChain.php(131): CInlineFilter->filter()
#14 /data/www/yii/framework/web/CController.php(291): CFilterChain->run()
#15 /data/www/yii/framework/web/CController.php(265): EmprestimoController->runActionWithFilters()
#16 /data/www/yii/framework/web/CWebApplication.php(282): EmprestimoController->run()
#17 /data/www/yii/framework/web/CWebApplication.php(141): CWebApplication->runController()
#18 /data/www/yii/framework/base/CApplication.php(185): CWebApplication->processRequest()
#19 /data/www/teste/index.php(13): CWebApplication->run()
REQUEST_URI=/teste/index.php?r=emprestimo/create
in /data/www/teste/protected/views/emprestimo/_form.php (39)
in /data/www/teste/protected/views/emprestimo/create.php (20)
in /data/www/teste/protected/controllers/EmprestimoController.php (78)
2019/09/05 16:31:22 [error] [php] Object of class DateTime could not be converted to string (/data/www/teste/protected/views/emprestimo/_form.php:39)
Stack trace:
#0 /data/www/yii/framework/web/CController.php(872): EmprestimoController->renderFile()
#1 /data/www/teste/protected/views/emprestimo/create.php(20): EmprestimoController->renderPartial()
#2 /data/www/yii/framework/web/CBaseController.php(126): require()
#3 /data/www/yii/framework/web/CBaseController.php(95): EmprestimoController->renderInternal()
#4 /data/www/yii/framework/web/CController.php(872): EmprestimoController->renderFile()
#5 /data/www/yii/framework/web/CController.php(785): EmprestimoController->renderPartial()
#6 /data/www/teste/protected/controllers/EmprestimoController.php(78): EmprestimoController->render()
#7 /data/www/yii/framework/web/actions/CInlineAction.php(49): EmprestimoController->actionCreate()
#8 /data/www/yii/framework/web/CController.php(308): CInlineAction->runWithParams()
#9 /data/www/yii/framework/web/filters/CFilterChain.php(134): EmprestimoController->runAction()
#10 /data/www/yii/framework/web/filters/CFilter.php(40): CFilterChain->run()
#11 /data/www/yii/framework/web/CController.php(1148): CAccessControlFilter->filter()
#12 /data/www/yii/framework/web/filters/CInlineFilter.php(58): EmprestimoController->filterAccessControl()
#13 /data/www/yii/framework/web/filters/CFilterChain.php(131): CInlineFilter->filter()
#14 /data/www/yii/framework/web/CController.php(291): CFilterChain->run()
#15 /data/www/yii/framework/web/CController.php(265): EmprestimoController->runActionWithFilters()
#16 /data/www/yii/framework/web/CWebApplication.php(282): EmprestimoController->run()
#17 /data/www/yii/framework/web/CWebApplication.php(141): CWebApplication->runController()
#18 /data/www/yii/framework/base/CApplication.php(185): CWebApplication->processRequest()
#19 /data/www/teste/index.php(13): CWebApplication->run()
REQUEST_URI=/teste/index.php?r=emprestimo/create
in /data/www/teste/protected/views/emprestimo/_form.php (39)
in /data/www/teste/protected/views/emprestimo/create.php (20)
in /data/www/teste/protected/controllers/EmprestimoController.php (78)
2019/09/05 16:39:01 [error] [exception.ParseError] ParseError: syntax error, unexpected ';' in /data/www/teste/protected/views/emprestimo/_form.php:34
Stack trace:
#0 /data/www/yii/framework/web/CBaseController.php(95): CBaseController->renderInternal('/data/www/teste...', Array, true)
#1 /data/www/yii/framework/web/CController.php(872): CBaseController->renderFile('/data/www/teste...', Array, true)
#2 /data/www/teste/protected/views/emprestimo/create.php(20): CController->renderPartial('_form', Array)
#3 /data/www/yii/framework/web/CBaseController.php(126): require('/data/www/teste...')
#4 /data/www/yii/framework/web/CBaseController.php(95): CBaseController->renderInternal('/data/www/teste...', Array, true)
#5 /data/www/yii/framework/web/CController.php(872): CBaseController->renderFile('/data/www/teste...', Array, true)
#6 /data/www/yii/framework/web/CController.php(785): CController->renderPartial('create', Array, true)
#7 /data/www/teste/protected/controllers/EmprestimoController.php(78): CController->render('create', Array)
#8 /data/www/yii/framework/web/actions/CInlineAction.php(49): EmprestimoController->actionCreate()
#9 /data/www/yii/framework/web/CController.php(308): CInlineAction->runWithParams(Array)
#10 /data/www/yii/framework/web/filters/CFilterChain.php(134): CController->runAction(Object(CInlineAction))
#11 /data/www/yii/framework/web/filters/CFilter.php(40): CFilterChain->run()
#12 /data/www/yii/framework/web/CController.php(1148): CFilter->filter(Object(CFilterChain))
#13 /data/www/yii/framework/web/filters/CInlineFilter.php(58): CController->filterAccessControl(Object(CFilterChain))
#14 /data/www/yii/framework/web/filters/CFilterChain.php(131): CInlineFilter->filter(Object(CFilterChain))
#15 /data/www/yii/framework/web/CController.php(291): CFilterChain->run()
#16 /data/www/yii/framework/web/CController.php(265): CController->runActionWithFilters(Object(CInlineAction), Array)
#17 /data/www/yii/framework/web/CWebApplication.php(282): CController->run('create')
#18 /data/www/yii/framework/web/CWebApplication.php(141): CWebApplication->runController('emprestimo/crea...')
#19 /data/www/yii/framework/base/CApplication.php(185): CWebApplication->processRequest()
#20 /data/www/teste/index.php(13): CApplication->run()
#21 {main}
REQUEST_URI=/teste/index.php?r=emprestimo/create
HTTP_REFERER=http://localhost/teste/index.php?r=filmes/view&id=1
---
2019/09/05 17:00:09 [error] [exception.CException] CException: Property "Emprestimo.fkcliente" is not defined. in /data/www/yii/framework/base/CComponent.php:130
Stack trace:
#0 /data/www/yii/framework/db/ar/CActiveRecord.php(145): CComponent->__get('fkcliente')
#1 /data/www/teste/protected/views/emprestimo/_view.php(22): CActiveRecord->__get('fkcliente')
#2 /data/www/yii/framework/web/CBaseController.php(130): require('/data/www/teste...')
#3 /data/www/yii/framework/web/CBaseController.php(95): CBaseController->renderInternal('/data/www/teste...', Array, false)
#4 /data/www/yii/framework/zii/widgets/CListView.php(291): CBaseController->renderFile('/data/www/teste...', Array)
#5 /data/www/yii/framework/zii/widgets/CBaseListView.php(181): CListView->renderItems()
#6 [internal function]: CBaseListView->renderSection(Array)
#7 /data/www/yii/framework/zii/widgets/CBaseListView.php(164): preg_replace_callback('/{(\\w+)}/', Array, '{summary}\n{sort...')
#8 /data/www/yii/framework/zii/widgets/CBaseListView.php(149): CBaseListView->renderContent()
#9 /data/www/yii/framework/web/CBaseController.php(182): CBaseListView->run()
#10 /data/www/teste/protected/views/emprestimo/index.php(19): CBaseController->widget('zii.widgets.CLi...', Array)
#11 /data/www/yii/framework/web/CBaseController.php(126): require('/data/www/teste...')
#12 /data/www/yii/framework/web/CBaseController.php(95): CBaseController->renderInternal('/data/www/teste...', Array, true)
#13 /data/www/yii/framework/web/CController.php(872): CBaseController->renderFile('/data/www/teste...', Array, true)
#14 /data/www/yii/framework/web/CController.php(785): CController->renderPartial('index', Array, true)
#15 /data/www/teste/protected/controllers/EmprestimoController.php(127): CController->render('index', Array)
#16 /data/www/yii/framework/web/actions/CInlineAction.php(49): EmprestimoController->actionIndex()
#17 /data/www/yii/framework/web/CController.php(308): CInlineAction->runWithParams(Array)
#18 /data/www/yii/framework/web/filters/CFilterChain.php(134): CController->runAction(Object(CInlineAction))
#19 /data/www/yii/framework/web/filters/CFilter.php(40): CFilterChain->run()
#20 /data/www/yii/framework/web/CController.php(1148): CFilter->filter(Object(CFilterChain))
#21 /data/www/yii/framework/web/filters/CInlineFilter.php(58): CController->filterAccessControl(Object(CFilterChain))
#22 /data/www/yii/framework/web/filters/CFilterChain.php(131): CInlineFilter->filter(Object(CFilterChain))
#23 /data/www/yii/framework/web/CController.php(291): CFilterChain->run()
#24 /data/www/yii/framework/web/CController.php(265): CController->runActionWithFilters(Object(CInlineAction), Array)
#25 /data/www/yii/framework/web/CWebApplication.php(282): CController->run('index')
#26 /data/www/yii/framework/web/CWebApplication.php(141): CWebApplication->runController('emprestimo/inde...')
#27 /data/www/yii/framework/base/CApplication.php(185): CWebApplication->processRequest()
#28 /data/www/teste/index.php(13): CApplication->run()
#29 {main}
REQUEST_URI=/teste/index.php?r=emprestimo/index
HTTP_REFERER=http://localhost/teste/index.php?r=filmes/index
---
2019/09/05 17:07:05 [error] [exception.ParseError] ParseError: syntax error, unexpected 'date' (T_STRING), expecting ')' in /data/www/teste/protected/views/emprestimo/_form.php:39
Stack trace:
#0 /data/www/yii/framework/web/CBaseController.php(95): CBaseController->renderInternal('/data/www/teste...', Array, true)
#1 /data/www/yii/framework/web/CController.php(872): CBaseController->renderFile('/data/www/teste...', Array, true)
#2 /data/www/teste/protected/views/emprestimo/create.php(20): CController->renderPartial('_form', Array)
#3 /data/www/yii/framework/web/CBaseController.php(126): require('/data/www/teste...')
#4 /data/www/yii/framework/web/CBaseController.php(95): CBaseController->renderInternal('/data/www/teste...', Array, true)
#5 /data/www/yii/framework/web/CController.php(872): CBaseController->renderFile('/data/www/teste...', Array, true)
#6 /data/www/yii/framework/web/CController.php(785): CController->renderPartial('create', Array, true)
#7 /data/www/teste/protected/controllers/EmprestimoController.php(78): CController->render('create', Array)
#8 /data/www/yii/framework/web/actions/CInlineAction.php(49): EmprestimoController->actionCreate()
#9 /data/www/yii/framework/web/CController.php(308): CInlineAction->runWithParams(Array)
#10 /data/www/yii/framework/web/filters/CFilterChain.php(134): CController->runAction(Object(CInlineAction))
#11 /data/www/yii/framework/web/filters/CFilter.php(40): CFilterChain->run()
#12 /data/www/yii/framework/web/CController.php(1148): CFilter->filter(Object(CFilterChain))
#13 /data/www/yii/framework/web/filters/CInlineFilter.php(58): CController->filterAccessControl(Object(CFilterChain))
#14 /data/www/yii/framework/web/filters/CFilterChain.php(131): CInlineFilter->filter(Object(CFilterChain))
#15 /data/www/yii/framework/web/CController.php(291): CFilterChain->run()
#16 /data/www/yii/framework/web/CController.php(265): CController->runActionWithFilters(Object(CInlineAction), Array)
#17 /data/www/yii/framework/web/CWebApplication.php(282): CController->run('create')
#18 /data/www/yii/framework/web/CWebApplication.php(141): CWebApplication->runController('emprestimo/crea...')
#19 /data/www/yii/framework/base/CApplication.php(185): CWebApplication->processRequest()
#20 /data/www/teste/index.php(13): CApplication->run()
#21 {main}
REQUEST_URI=/teste/index.php?r=emprestimo/create
HTTP_REFERER=http://localhost/teste/index.php?r=filmes/view&id=1
---
2019/09/05 17:07:38 [error] [exception.ParseError] ParseError: syntax error, unexpected '?>', expecting ')' in /data/www/teste/protected/views/emprestimo/_form.php:39
Stack trace:
#0 /data/www/yii/framework/web/CBaseController.php(95): CBaseController->renderInternal('/data/www/teste...', Array, true)
#1 /data/www/yii/framework/web/CController.php(872): CBaseController->renderFile('/data/www/teste...', Array, true)
#2 /data/www/teste/protected/views/emprestimo/create.php(20): CController->renderPartial('_form', Array)
#3 /data/www/yii/framework/web/CBaseController.php(126): require('/data/www/teste...')
#4 /data/www/yii/framework/web/CBaseController.php(95): CBaseController->renderInternal('/data/www/teste...', Array, true)
#5 /data/www/yii/framework/web/CController.php(872): CBaseController->renderFile('/data/www/teste...', Array, true)
#6 /data/www/yii/framework/web/CController.php(785): CController->renderPartial('create', Array, true)
#7 /data/www/teste/protected/controllers/EmprestimoController.php(78): CController->render('create', Array)
#8 /data/www/yii/framework/web/actions/CInlineAction.php(49): EmprestimoController->actionCreate()
#9 /data/www/yii/framework/web/CController.php(308): CInlineAction->runWithParams(Array)
#10 /data/www/yii/framework/web/filters/CFilterChain.php(134): CController->runAction(Object(CInlineAction))
#11 /data/www/yii/framework/web/filters/CFilter.php(40): CFilterChain->run()
#12 /data/www/yii/framework/web/CController.php(1148): CFilter->filter(Object(CFilterChain))
#13 /data/www/yii/framework/web/filters/CInlineFilter.php(58): CController->filterAccessControl(Object(CFilterChain))
#14 /data/www/yii/framework/web/filters/CFilterChain.php(131): CInlineFilter->filter(Object(CFilterChain))
#15 /data/www/yii/framework/web/CController.php(291): CFilterChain->run()
#16 /data/www/yii/framework/web/CController.php(265): CController->runActionWithFilters(Object(CInlineAction), Array)
#17 /data/www/yii/framework/web/CWebApplication.php(282): CController->run('create')
#18 /data/www/yii/framework/web/CWebApplication.php(141): CWebApplication->runController('emprestimo/crea...')
#19 /data/www/yii/framework/base/CApplication.php(185): CWebApplication->processRequest()
#20 /data/www/teste/index.php(13): CApplication->run()
#21 {main}
REQUEST_URI=/teste/index.php?r=emprestimo/create
HTTP_REFERER=http://localhost/teste/index.php?r=filmes/view&id=1
---
2019/09/05 17:10:18 [error] [exception.ParseError] ParseError: syntax error, unexpected 'date' (T_STRING), expecting ')' in /data/www/teste/protected/views/emprestimo/_form.php:39
Stack trace:
#0 /data/www/yii/framework/web/CBaseController.php(95): CBaseController->renderInternal('/data/www/teste...', Array, true)
#1 /data/www/yii/framework/web/CController.php(872): CBaseController->renderFile('/data/www/teste...', Array, true)
#2 /data/www/teste/protected/views/emprestimo/create.php(20): CController->renderPartial('_form', Array)
#3 /data/www/yii/framework/web/CBaseController.php(126): require('/data/www/teste...')
#4 /data/www/yii/framework/web/CBaseController.php(95): CBaseController->renderInternal('/data/www/teste...', Array, true)
#5 /data/www/yii/framework/web/CController.php(872): CBaseController->renderFile('/data/www/teste...', Array, true)
#6 /data/www/yii/framework/web/CController.php(785): CController->renderPartial('create', Array, true)
#7 /data/www/teste/protected/controllers/EmprestimoController.php(78): CController->render('create', Array)
#8 /data/www/yii/framework/web/actions/CInlineAction.php(49): EmprestimoController->actionCreate()
#9 /data/www/yii/framework/web/CController.php(308): CInlineAction->runWithParams(Array)
#10 /data/www/yii/framework/web/filters/CFilterChain.php(134): CController->runAction(Object(CInlineAction))
#11 /data/www/yii/framework/web/filters/CFilter.php(40): CFilterChain->run()
#12 /data/www/yii/framework/web/CController.php(1148): CFilter->filter(Object(CFilterChain))
#13 /data/www/yii/framework/web/filters/CInlineFilter.php(58): CController->filterAccessControl(Object(CFilterChain))
#14 /data/www/yii/framework/web/filters/CFilterChain.php(131): CInlineFilter->filter(Object(CFilterChain))
#15 /data/www/yii/framework/web/CController.php(291): CFilterChain->run()
#16 /data/www/yii/framework/web/CController.php(265): CController->runActionWithFilters(Object(CInlineAction), Array)
#17 /data/www/yii/framework/web/CWebApplication.php(282): CController->run('create')
#18 /data/www/yii/framework/web/CWebApplication.php(141): CWebApplication->runController('emprestimo/crea...')
#19 /data/www/yii/framework/base/CApplication.php(185): CWebApplication->processRequest()
#20 /data/www/teste/index.php(13): CApplication->run()
#21 {main}
REQUEST_URI=/teste/index.php?r=emprestimo/create
HTTP_REFERER=http://localhost/teste/index.php?r=filmes/view&id=1
---
2019/09/05 17:11:12 [error] [exception.ParseError] ParseError: syntax error, unexpected 'echo' (T_ECHO) in /data/www/teste/protected/views/emprestimo/_form.php:39
Stack trace:
#0 /data/www/yii/framework/web/CBaseController.php(95): CBaseController->renderInternal('/data/www/teste...', Array, true)
#1 /data/www/yii/framework/web/CController.php(872): CBaseController->renderFile('/data/www/teste...', Array, true)
#2 /data/www/teste/protected/views/emprestimo/create.php(20): CController->renderPartial('_form', Array)
#3 /data/www/yii/framework/web/CBaseController.php(126): require('/data/www/teste...')
#4 /data/www/yii/framework/web/CBaseController.php(95): CBaseController->renderInternal('/data/www/teste...', Array, true)
#5 /data/www/yii/framework/web/CController.php(872): CBaseController->renderFile('/data/www/teste...', Array, true)
#6 /data/www/yii/framework/web/CController.php(785): CController->renderPartial('create', Array, true)
#7 /data/www/teste/protected/controllers/EmprestimoController.php(78): CController->render('create', Array)
#8 /data/www/yii/framework/web/actions/CInlineAction.php(49): EmprestimoController->actionCreate()
#9 /data/www/yii/framework/web/CController.php(308): CInlineAction->runWithParams(Array)
#10 /data/www/yii/framework/web/filters/CFilterChain.php(134): CController->runAction(Object(CInlineAction))
#11 /data/www/yii/framework/web/filters/CFilter.php(40): CFilterChain->run()
#12 /data/www/yii/framework/web/CController.php(1148): CFilter->filter(Object(CFilterChain))
#13 /data/www/yii/framework/web/filters/CInlineFilter.php(58): CController->filterAccessControl(Object(CFilterChain))
#14 /data/www/yii/framework/web/filters/CFilterChain.php(131): CInlineFilter->filter(Object(CFilterChain))
#15 /data/www/yii/framework/web/CController.php(291): CFilterChain->run()
#16 /data/www/yii/framework/web/CController.php(265): CController->runActionWithFilters(Object(CInlineAction), Array)
#17 /data/www/yii/framework/web/CWebApplication.php(282): CController->run('create')
#18 /data/www/yii/framework/web/CWebApplication.php(141): CWebApplication->runController('emprestimo/crea...')
#19 /data/www/yii/framework/base/CApplication.php(185): CWebApplication->processRequest()
#20 /data/www/teste/index.php(13): CApplication->run()
#21 {main}
REQUEST_URI=/teste/index.php?r=emprestimo/create
HTTP_REFERER=http://localhost/teste/index.php?r=filmes/view&id=1
---
2019/09/05 17:16:15 [error] [exception.Error] Error: Call to undefined function dropDownList() in /data/www/teste/protected/views/emprestimo/_form.php:28
Stack trace:
#0 /data/www/yii/framework/web/CBaseController.php(126): require()
#1 /data/www/yii/framework/web/CBaseController.php(95): CBaseController->renderInternal('/data/www/teste...', Array, true)
#2 /data/www/yii/framework/web/CController.php(872): CBaseController->renderFile('/data/www/teste...', Array, true)
#3 /data/www/teste/protected/views/emprestimo/create.php(20): CController->renderPartial('_form', Array)
#4 /data/www/yii/framework/web/CBaseController.php(126): require('/data/www/teste...')
#5 /data/www/yii/framework/web/CBaseController.php(95): CBaseController->renderInternal('/data/www/teste...', Array, true)
#6 /data/www/yii/framework/web/CController.php(872): CBaseController->renderFile('/data/www/teste...', Array, true)
#7 /data/www/yii/framework/web/CController.php(785): CController->renderPartial('create', Array, true)
#8 /data/www/teste/protected/controllers/EmprestimoController.php(78): CController->render('create', Array)
#9 /data/www/yii/framework/web/actions/CInlineAction.php(49): EmprestimoController->actionCreate()
#10 /data/www/yii/framework/web/CController.php(308): CInlineAction->runWithParams(Array)
#11 /data/www/yii/framework/web/filters/CFilterChain.php(134): CController->runAction(Object(CInlineAction))
#12 /data/www/yii/framework/web/filters/CFilter.php(40): CFilterChain->run()
#13 /data/www/yii/framework/web/CController.php(1148): CFilter->filter(Object(CFilterChain))
#14 /data/www/yii/framework/web/filters/CInlineFilter.php(58): CController->filterAccessControl(Object(CFilterChain))
#15 /data/www/yii/framework/web/filters/CFilterChain.php(131): CInlineFilter->filter(Object(CFilterChain))
#16 /data/www/yii/framework/web/CController.php(291): CFilterChain->run()
#17 /data/www/yii/framework/web/CController.php(265): CController->runActionWithFilters(Object(CInlineAction), Array)
#18 /data/www/yii/framework/web/CWebApplication.php(282): CController->run('create')
#19 /data/www/yii/framework/web/CWebApplication.php(141): CWebApplication->runController('emprestimo/crea...')
#20 /data/www/yii/framework/base/CApplication.php(185): CWebApplication->processRequest()
#21 /data/www/teste/index.php(13): CApplication->run()
#22 {main}
REQUEST_URI=/teste/index.php?r=emprestimo/create
HTTP_REFERER=http://localhost/teste/index.php?r=filmes/view&id=1
---
2019/09/05 17:22:18 [error] [exception.ParseError] ParseError: syntax error, unexpected ',' in /data/www/teste/protected/views/emprestimo/_form.php:38
Stack trace:
#0 /data/www/yii/framework/web/CBaseController.php(95): CBaseController->renderInternal('/data/www/teste...', Array, true)
#1 /data/www/yii/framework/web/CController.php(872): CBaseController->renderFile('/data/www/teste...', Array, true)
#2 /data/www/teste/protected/views/emprestimo/create.php(20): CController->renderPartial('_form', Array)
#3 /data/www/yii/framework/web/CBaseController.php(126): require('/data/www/teste...')
#4 /data/www/yii/framework/web/CBaseController.php(95): CBaseController->renderInternal('/data/www/teste...', Array, true)
#5 /data/www/yii/framework/web/CController.php(872): CBaseController->renderFile('/data/www/teste...', Array, true)
#6 /data/www/yii/framework/web/CController.php(785): CController->renderPartial('create', Array, true)
#7 /data/www/teste/protected/controllers/EmprestimoController.php(78): CController->render('create', Array)
#8 /data/www/yii/framework/web/actions/CInlineAction.php(49): EmprestimoController->actionCreate()
#9 /data/www/yii/framework/web/CController.php(308): CInlineAction->runWithParams(Array)
#10 /data/www/yii/framework/web/filters/CFilterChain.php(134): CController->runAction(Object(CInlineAction))
#11 /data/www/yii/framework/web/filters/CFilter.php(40): CFilterChain->run()
#12 /data/www/yii/framework/web/CController.php(1148): CFilter->filter(Object(CFilterChain))
#13 /data/www/yii/framework/web/filters/CInlineFilter.php(58): CController->filterAccessControl(Object(CFilterChain))
#14 /data/www/yii/framework/web/filters/CFilterChain.php(131): CInlineFilter->filter(Object(CFilterChain))
#15 /data/www/yii/framework/web/CController.php(291): CFilterChain->run()
#16 /data/www/yii/framework/web/CController.php(265): CController->runActionWithFilters(Object(CInlineAction), Array)
#17 /data/www/yii/framework/web/CWebApplication.php(282): CController->run('create')
#18 /data/www/yii/framework/web/CWebApplication.php(141): CWebApplication->runController('emprestimo/crea...')
#19 /data/www/yii/framework/base/CApplication.php(185): CWebApplication->processRequest()
#20 /data/www/teste/index.php(13): CApplication->run()
#21 {main}
REQUEST_URI=/teste/index.php?r=emprestimo/create
HTTP_REFERER=http://localhost/teste/index.php?r=filmes/view&id=1
---
2019/09/05 17:22:24 [error] [exception.ParseError] ParseError: syntax error, unexpected ',' in /data/www/teste/protected/views/emprestimo/_form.php:38
Stack trace:
#0 /data/www/yii/framework/web/CBaseController.php(95): CBaseController->renderInternal('/data/www/teste...', Array, true)
#1 /data/www/yii/framework/web/CController.php(872): CBaseController->renderFile('/data/www/teste...', Array, true)
#2 /data/www/teste/protected/views/emprestimo/create.php(20): CController->renderPartial('_form', Array)
#3 /data/www/yii/framework/web/CBaseController.php(126): require('/data/www/teste...')
#4 /data/www/yii/framework/web/CBaseController.php(95): CBaseController->renderInternal('/data/www/teste...', Array, true)
#5 /data/www/yii/framework/web/CController.php(872): CBaseController->renderFile('/data/www/teste...', Array, true)
#6 /data/www/yii/framework/web/CController.php(785): CController->renderPartial('create', Array, true)
#7 /data/www/teste/protected/controllers/EmprestimoController.php(78): CController->render('create', Array)
#8 /data/www/yii/framework/web/actions/CInlineAction.php(49): EmprestimoController->actionCreate()
#9 /data/www/yii/framework/web/CController.php(308): CInlineAction->runWithParams(Array)
#10 /data/www/yii/framework/web/filters/CFilterChain.php(134): CController->runAction(Object(CInlineAction))
#11 /data/www/yii/framework/web/filters/CFilter.php(40): CFilterChain->run()
#12 /data/www/yii/framework/web/CController.php(1148): CFilter->filter(Object(CFilterChain))
#13 /data/www/yii/framework/web/filters/CInlineFilter.php(58): CController->filterAccessControl(Object(CFilterChain))
#14 /data/www/yii/framework/web/filters/CFilterChain.php(131): CInlineFilter->filter(Object(CFilterChain))
#15 /data/www/yii/framework/web/CController.php(291): CFilterChain->run()
#16 /data/www/yii/framework/web/CController.php(265): CController->runActionWithFilters(Object(CInlineAction), Array)
#17 /data/www/yii/framework/web/CWebApplication.php(282): CController->run('create')
#18 /data/www/yii/framework/web/CWebApplication.php(141): CWebApplication->runController('emprestimo/crea...')
#19 /data/www/yii/framework/base/CApplication.php(185): CWebApplication->processRequest()
#20 /data/www/teste/index.php(13): CApplication->run()
#21 {main}
REQUEST_URI=/teste/index.php?r=emprestimo/create
HTTP_REFERER=http://localhost/teste/index.php?r=filmes/view&id=1
---
2019/09/05 17:22:48 [error] [exception.ParseError] ParseError: syntax error, unexpected '$model' (T_VARIABLE) in /data/www/teste/protected/views/emprestimo/_form.php:38
Stack trace:
#0 /data/www/yii/framework/web/CBaseController.php(95): CBaseController->renderInternal('/data/www/teste...', Array, true)
#1 /data/www/yii/framework/web/CController.php(872): CBaseController->renderFile('/data/www/teste...', Array, true)
#2 /data/www/teste/protected/views/emprestimo/create.php(20): CController->renderPartial('_form', Array)
#3 /data/www/yii/framework/web/CBaseController.php(126): require('/data/www/teste...')
#4 /data/www/yii/framework/web/CBaseController.php(95): CBaseController->renderInternal('/data/www/teste...', Array, true)
#5 /data/www/yii/framework/web/CController.php(872): CBaseController->renderFile('/data/www/teste...', Array, true)
#6 /data/www/yii/framework/web/CController.php(785): CController->renderPartial('create', Array, true)
#7 /data/www/teste/protected/controllers/EmprestimoController.php(78): CController->render('create', Array)
#8 /data/www/yii/framework/web/actions/CInlineAction.php(49): EmprestimoController->actionCreate()
#9 /data/www/yii/framework/web/CController.php(308): CInlineAction->runWithParams(Array)
#10 /data/www/yii/framework/web/filters/CFilterChain.php(134): CController->runAction(Object(CInlineAction))
#11 /data/www/yii/framework/web/filters/CFilter.php(40): CFilterChain->run()
#12 /data/www/yii/framework/web/CController.php(1148): CFilter->filter(Object(CFilterChain))
#13 /data/www/yii/framework/web/filters/CInlineFilter.php(58): CController->filterAccessControl(Object(CFilterChain))
#14 /data/www/yii/framework/web/filters/CFilterChain.php(131): CInlineFilter->filter(Object(CFilterChain))
#15 /data/www/yii/framework/web/CController.php(291): CFilterChain->run()
#16 /data/www/yii/framework/web/CController.php(265): CController->runActionWithFilters(Object(CInlineAction), Array)
#17 /data/www/yii/framework/web/CWebApplication.php(282): CController->run('create')
#18 /data/www/yii/framework/web/CWebApplication.php(141): CWebApplication->runController('emprestimo/crea...')
#19 /data/www/yii/framework/base/CApplication.php(185): CWebApplication->processRequest()
#20 /data/www/teste/index.php(13): CApplication->run()
#21 {main}
REQUEST_URI=/teste/index.php?r=emprestimo/create
HTTP_REFERER=http://localhost/teste/index.php?r=filmes/view&id=1
---
2019/09/05 17:23:30 [error] [exception.ParseError] ParseError: syntax error, unexpected ',' in /data/www/teste/protected/views/emprestimo/_form.php:37
Stack trace:
#0 /data/www/yii/framework/web/CBaseController.php(95): CBaseController->renderInternal('/data/www/teste...', Array, true)
#1 /data/www/yii/framework/web/CController.php(872): CBaseController->renderFile('/data/www/teste...', Array, true)
#2 /data/www/teste/protected/views/emprestimo/create.php(20): CController->renderPartial('_form', Array)
#3 /data/www/yii/framework/web/CBaseController.php(126): require('/data/www/teste...')
#4 /data/www/yii/framework/web/CBaseController.php(95): CBaseController->renderInternal('/data/www/teste...', Array, true)
#5 /data/www/yii/framework/web/CController.php(872): CBaseController->renderFile('/data/www/teste...', Array, true)
#6 /data/www/yii/framework/web/CController.php(785): CController->renderPartial('create', Array, true)
#7 /data/www/teste/protected/controllers/EmprestimoController.php(78): CController->render('create', Array)
#8 /data/www/yii/framework/web/actions/CInlineAction.php(49): EmprestimoController->actionCreate()
#9 /data/www/yii/framework/web/CController.php(308): CInlineAction->runWithParams(Array)
#10 /data/www/yii/framework/web/filters/CFilterChain.php(134): CController->runAction(Object(CInlineAction))
#11 /data/www/yii/framework/web/filters/CFilter.php(40): CFilterChain->run()
#12 /data/www/yii/framework/web/CController.php(1148): CFilter->filter(Object(CFilterChain))
#13 /data/www/yii/framework/web/filters/CInlineFilter.php(58): CController->filterAccessControl(Object(CFilterChain))
#14 /data/www/yii/framework/web/filters/CFilterChain.php(131): CInlineFilter->filter(Object(CFilterChain))
#15 /data/www/yii/framework/web/CController.php(291): CFilterChain->run()
#16 /data/www/yii/framework/web/CController.php(265): CController->runActionWithFilters(Object(CInlineAction), Array)
#17 /data/www/yii/framework/web/CWebApplication.php(282): CController->run('create')
#18 /data/www/yii/framework/web/CWebApplication.php(141): CWebApplication->runController('emprestimo/crea...')
#19 /data/www/yii/framework/base/CApplication.php(185): CWebApplication->processRequest()
#20 /data/www/teste/index.php(13): CApplication->run()
#21 {main}
REQUEST_URI=/teste/index.php?r=emprestimo/create
HTTP_REFERER=http://localhost/teste/index.php?r=filmes/view&id=1
---
2019/09/05 17:24:35 [error] [php] Undefined variable: atual (/data/www/teste/protected/views/emprestimo/_form.php:36)
Stack trace:
#0 /data/www/yii/framework/web/CController.php(872): EmprestimoController->renderFile()
#1 /data/www/teste/protected/views/emprestimo/create.php(20): EmprestimoController->renderPartial()
#2 /data/www/yii/framework/web/CBaseController.php(126): require()
#3 /data/www/yii/framework/web/CBaseController.php(95): EmprestimoController->renderInternal()
#4 /data/www/yii/framework/web/CController.php(872): EmprestimoController->renderFile()
#5 /data/www/yii/framework/web/CController.php(785): EmprestimoController->renderPartial()
#6 /data/www/teste/protected/controllers/EmprestimoController.php(78): EmprestimoController->render()
#7 /data/www/yii/framework/web/actions/CInlineAction.php(49): EmprestimoController->actionCreate()
#8 /data/www/yii/framework/web/CController.php(308): CInlineAction->runWithParams()
#9 /data/www/yii/framework/web/filters/CFilterChain.php(134): EmprestimoController->runAction()
#10 /data/www/yii/framework/web/filters/CFilter.php(40): CFilterChain->run()
#11 /data/www/yii/framework/web/CController.php(1148): CAccessControlFilter->filter()
#12 /data/www/yii/framework/web/filters/CInlineFilter.php(58): EmprestimoController->filterAccessControl()
#13 /data/www/yii/framework/web/filters/CFilterChain.php(131): CInlineFilter->filter()
#14 /data/www/yii/framework/web/CController.php(291): CFilterChain->run()
#15 /data/www/yii/framework/web/CController.php(265): EmprestimoController->runActionWithFilters()
#16 /data/www/yii/framework/web/CWebApplication.php(282): EmprestimoController->run()
#17 /data/www/yii/framework/web/CWebApplication.php(141): CWebApplication->runController()
#18 /data/www/yii/framework/base/CApplication.php(185): CWebApplication->processRequest()
#19 /data/www/teste/index.php(13): CWebApplication->run()
REQUEST_URI=/teste/index.php?r=emprestimo/create
in /data/www/teste/protected/views/emprestimo/_form.php (36)
in /data/www/teste/protected/views/emprestimo/create.php (20)
in /data/www/teste/protected/controllers/EmprestimoController.php (78)
2019/09/05 17:25:00 [error] [php] include(dataTime.php): failed to open stream: No such file or directory (/data/www/yii/framework/YiiBase.php:463)
Stack trace:
#0 /data/www/teste/protected/views/emprestimo/_form.php(37): spl_autoload_call()
#1 /data/www/yii/framework/web/CBaseController.php(126): require()
#2 /data/www/yii/framework/web/CBaseController.php(95): EmprestimoController->renderInternal()
#3 /data/www/yii/framework/web/CController.php(872): EmprestimoController->renderFile()
#4 /data/www/teste/protected/views/emprestimo/create.php(20): EmprestimoController->renderPartial()
#5 /data/www/yii/framework/web/CBaseController.php(126): require()
#6 /data/www/yii/framework/web/CBaseController.php(95): EmprestimoController->renderInternal()
#7 /data/www/yii/framework/web/CController.php(872): EmprestimoController->renderFile()
#8 /data/www/yii/framework/web/CController.php(785): EmprestimoController->renderPartial()
#9 /data/www/teste/protected/controllers/EmprestimoController.php(78): EmprestimoController->render()
#10 /data/www/yii/framework/web/actions/CInlineAction.php(49): EmprestimoController->actionCreate()
#11 /data/www/yii/framework/web/CController.php(308): CInlineAction->runWithParams()
#12 /data/www/yii/framework/web/filters/CFilterChain.php(134): EmprestimoController->runAction()
#13 /data/www/yii/framework/web/filters/CFilter.php(40): CFilterChain->run()
#14 /data/www/yii/framework/web/CController.php(1148): CAccessControlFilter->filter()
#15 /data/www/yii/framework/web/filters/CInlineFilter.php(58): EmprestimoController->filterAccessControl()
#16 /data/www/yii/framework/web/filters/CFilterChain.php(131): CInlineFilter->filter()
#17 /data/www/yii/framework/web/CController.php(291): CFilterChain->run()
#18 /data/www/yii/framework/web/CController.php(265): EmprestimoController->runActionWithFilters()
#19 /data/www/yii/framework/web/CWebApplication.php(282): EmprestimoController->run()
#20 /data/www/yii/framework/web/CWebApplication.php(141): CWebApplication->runController()
#21 /data/www/yii/framework/base/CApplication.php(185): CWebApplication->processRequest()
#22 /data/www/teste/index.php(13): CWebApplication->run()
REQUEST_URI=/teste/index.php?r=emprestimo/create
in /data/www/teste/protected/views/emprestimo/_form.php (37)
in /data/www/teste/protected/views/emprestimo/create.php (20)
in /data/www/teste/protected/controllers/EmprestimoController.php (78)
2019/09/05 17:31:21 [error] [exception.ParseError] ParseError: syntax error, unexpected '$texto' (T_VARIABLE) in /data/www/teste/protected/views/emprestimo/_form.php:46
Stack trace:
#0 /data/www/yii/framework/web/CBaseController.php(95): CBaseController->renderInternal('/data/www/teste...', Array, true)
#1 /data/www/yii/framework/web/CController.php(872): CBaseController->renderFile('/data/www/teste...', Array, true)
#2 /data/www/teste/protected/views/emprestimo/create.php(20): CController->renderPartial('_form', Array)
#3 /data/www/yii/framework/web/CBaseController.php(126): require('/data/www/teste...')
#4 /data/www/yii/framework/web/CBaseController.php(95): CBaseController->renderInternal('/data/www/teste...', Array, true)
#5 /data/www/yii/framework/web/CController.php(872): CBaseController->renderFile('/data/www/teste...', Array, true)
#6 /data/www/yii/framework/web/CController.php(785): CController->renderPartial('create', Array, true)
#7 /data/www/teste/protected/controllers/EmprestimoController.php(78): CController->render('create', Array)
#8 /data/www/yii/framework/web/actions/CInlineAction.php(49): EmprestimoController->actionCreate()
#9 /data/www/yii/framework/web/CController.php(308): CInlineAction->runWithParams(Array)
#10 /data/www/yii/framework/web/filters/CFilterChain.php(134): CController->runAction(Object(CInlineAction))
#11 /data/www/yii/framework/web/filters/CFilter.php(40): CFilterChain->run()
#12 /data/www/yii/framework/web/CController.php(1148): CFilter->filter(Object(CFilterChain))
#13 /data/www/yii/framework/web/filters/CInlineFilter.php(58): CController->filterAccessControl(Object(CFilterChain))
#14 /data/www/yii/framework/web/filters/CFilterChain.php(131): CInlineFilter->filter(Object(CFilterChain))
#15 /data/www/yii/framework/web/CController.php(291): CFilterChain->run()
#16 /data/www/yii/framework/web/CController.php(265): CController->runActionWithFilters(Object(CInlineAction), Array)
#17 /data/www/yii/framework/web/CWebApplication.php(282): CController->run('create')
#18 /data/www/yii/framework/web/CWebApplication.php(141): CWebApplication->runController('emprestimo/crea...')
#19 /data/www/yii/framework/base/CApplication.php(185): CWebApplication->processRequest()
#20 /data/www/teste/index.php(13): CApplication->run()
#21 {main}
REQUEST_URI=/teste/index.php?r=emprestimo/create
HTTP_REFERER=http://localhost/teste/index.php?r=filmes/view&id=1
---
2019/09/05 17:36:40 [error] [exception.ParseError] ParseError: syntax error, unexpected '$format' (T_VARIABLE), expecting ',' or ')' in /data/www/teste/protected/views/emprestimo/_form.php:36
Stack trace:
#0 /data/www/yii/framework/web/CBaseController.php(95): CBaseController->renderInternal('/data/www/teste...', Array, true)
#1 /data/www/yii/framework/web/CController.php(872): CBaseController->renderFile('/data/www/teste...', Array, true)
#2 /data/www/teste/protected/views/emprestimo/create.php(20): CController->renderPartial('_form', Array)
#3 /data/www/yii/framework/web/CBaseController.php(126): require('/data/www/teste...')
#4 /data/www/yii/framework/web/CBaseController.php(95): CBaseController->renderInternal('/data/www/teste...', Array, true)
#5 /data/www/yii/framework/web/CController.php(872): CBaseController->renderFile('/data/www/teste...', Array, true)
#6 /data/www/yii/framework/web/CController.php(785): CController->renderPartial('create', Array, true)
#7 /data/www/teste/protected/controllers/EmprestimoController.php(78): CController->render('create', Array)
#8 /data/www/yii/framework/web/actions/CInlineAction.php(49): EmprestimoController->actionCreate()
#9 /data/www/yii/framework/web/CController.php(308): CInlineAction->runWithParams(Array)
#10 /data/www/yii/framework/web/filters/CFilterChain.php(134): CController->runAction(Object(CInlineAction))
#11 /data/www/yii/framework/web/filters/CFilter.php(40): CFilterChain->run()
#12 /data/www/yii/framework/web/CController.php(1148): CFilter->filter(Object(CFilterChain))
#13 /data/www/yii/framework/web/filters/CInlineFilter.php(58): CController->filterAccessControl(Object(CFilterChain))
#14 /data/www/yii/framework/web/filters/CFilterChain.php(131): CInlineFilter->filter(Object(CFilterChain))
#15 /data/www/yii/framework/web/CController.php(291): CFilterChain->run()
#16 /data/www/yii/framework/web/CController.php(265): CController->runActionWithFilters(Object(CInlineAction), Array)
#17 /data/www/yii/framework/web/CWebApplication.php(282): CController->run('create')
#18 /data/www/yii/framework/web/CWebApplication.php(141): CWebApplication->runController('emprestimo/crea...')
#19 /data/www/yii/framework/base/CApplication.php(185): CWebApplication->processRequest()
#20 /data/www/teste/index.php(13): CApplication->run()
#21 {main}
REQUEST_URI=/teste/index.php?r=emprestimo/create
HTTP_REFERER=http://localhost/teste/index.php?r=filmes/view&id=1
---
2019/09/05 17:41:29 [error] [php] Use of undefined constant string - assumed 'string' (this will throw an Error in a future version of PHP) (/data/www/teste/protected/views/emprestimo/_form.php:48)
Stack trace:
#0 /data/www/yii/framework/web/CController.php(872): EmprestimoController->renderFile()
#1 /data/www/teste/protected/views/emprestimo/create.php(20): EmprestimoController->renderPartial()
#2 /data/www/yii/framework/web/CBaseController.php(126): require()
#3 /data/www/yii/framework/web/CBaseController.php(95): EmprestimoController->renderInternal()
#4 /data/www/yii/framework/web/CController.php(872): EmprestimoController->renderFile()
#5 /data/www/yii/framework/web/CController.php(785): EmprestimoController->renderPartial()
#6 /data/www/teste/protected/controllers/EmprestimoController.php(78): EmprestimoController->render()
#7 /data/www/yii/framework/web/actions/CInlineAction.php(49): EmprestimoController->actionCreate()
#8 /data/www/yii/framework/web/CController.php(308): CInlineAction->runWithParams()
#9 /data/www/yii/framework/web/filters/CFilterChain.php(134): EmprestimoController->runAction()
#10 /data/www/yii/framework/web/filters/CFilter.php(40): CFilterChain->run()
#11 /data/www/yii/framework/web/CController.php(1148): CAccessControlFilter->filter()
#12 /data/www/yii/framework/web/filters/CInlineFilter.php(58): EmprestimoController->filterAccessControl()
#13 /data/www/yii/framework/web/filters/CFilterChain.php(131): CInlineFilter->filter()
#14 /data/www/yii/framework/web/CController.php(291): CFilterChain->run()
#15 /data/www/yii/framework/web/CController.php(265): EmprestimoController->runActionWithFilters()
#16 /data/www/yii/framework/web/CWebApplication.php(282): EmprestimoController->run()
#17 /data/www/yii/framework/web/CWebApplication.php(141): CWebApplication->runController()
#18 /data/www/yii/framework/base/CApplication.php(185): CWebApplication->processRequest()
#19 /data/www/teste/index.php(13): CWebApplication->run()
REQUEST_URI=/teste/index.php?r=emprestimo/create
in /data/www/teste/protected/views/emprestimo/_form.php (48)
in /data/www/teste/protected/views/emprestimo/create.php (20)
in /data/www/teste/protected/controllers/EmprestimoController.php (78)
2019/09/05 17:41:50 [error] [php] Use of undefined constant string - assumed 'string' (this will throw an Error in a future version of PHP) (/data/www/teste/protected/views/emprestimo/_form.php:48)
Stack trace:
#0 /data/www/yii/framework/web/CController.php(872): EmprestimoController->renderFile()
#1 /data/www/teste/protected/views/emprestimo/create.php(20): EmprestimoController->renderPartial()
#2 /data/www/yii/framework/web/CBaseController.php(126): require()
#3 /data/www/yii/framework/web/CBaseController.php(95): EmprestimoController->renderInternal()
#4 /data/www/yii/framework/web/CController.php(872): EmprestimoController->renderFile()
#5 /data/www/yii/framework/web/CController.php(785): EmprestimoController->renderPartial()
#6 /data/www/teste/protected/controllers/EmprestimoController.php(78): EmprestimoController->render()
#7 /data/www/yii/framework/web/actions/CInlineAction.php(49): EmprestimoController->actionCreate()
#8 /data/www/yii/framework/web/CController.php(308): CInlineAction->runWithParams()
#9 /data/www/yii/framework/web/filters/CFilterChain.php(134): EmprestimoController->runAction()
#10 /data/www/yii/framework/web/filters/CFilter.php(40): CFilterChain->run()
#11 /data/www/yii/framework/web/CController.php(1148): CAccessControlFilter->filter()
#12 /data/www/yii/framework/web/filters/CInlineFilter.php(58): EmprestimoController->filterAccessControl()
#13 /data/www/yii/framework/web/filters/CFilterChain.php(131): CInlineFilter->filter()
#14 /data/www/yii/framework/web/CController.php(291): CFilterChain->run()
#15 /data/www/yii/framework/web/CController.php(265): EmprestimoController->runActionWithFilters()
#16 /data/www/yii/framework/web/CWebApplication.php(282): EmprestimoController->run()
#17 /data/www/yii/framework/web/CWebApplication.php(141): CWebApplication->runController()
#18 /data/www/yii/framework/base/CApplication.php(185): CWebApplication->processRequest()
#19 /data/www/teste/index.php(13): CWebApplication->run()
REQUEST_URI=/teste/index.php?r=emprestimo/create
in /data/www/teste/protected/views/emprestimo/_form.php (48)
in /data/www/teste/protected/views/emprestimo/create.php (20)
in /data/www/teste/protected/controllers/EmprestimoController.php (78)
2019/09/05 17:42:40 [error] [php] Use of undefined constant string - assumed 'string' (this will throw an Error in a future version of PHP) (/data/www/teste/protected/views/emprestimo/_form.php:48)
Stack trace:
#0 /data/www/yii/framework/web/CController.php(872): EmprestimoController->renderFile()
#1 /data/www/teste/protected/views/emprestimo/create.php(20): EmprestimoController->renderPartial()
#2 /data/www/yii/framework/web/CBaseController.php(126): require()
#3 /data/www/yii/framework/web/CBaseController.php(95): EmprestimoController->renderInternal()
#4 /data/www/yii/framework/web/CController.php(872): EmprestimoController->renderFile()
#5 /data/www/yii/framework/web/CController.php(785): EmprestimoController->renderPartial()
#6 /data/www/teste/protected/controllers/EmprestimoController.php(78): EmprestimoController->render()
#7 /data/www/yii/framework/web/actions/CInlineAction.php(49): EmprestimoController->actionCreate()
#8 /data/www/yii/framework/web/CController.php(308): CInlineAction->runWithParams()
#9 /data/www/yii/framework/web/filters/CFilterChain.php(134): EmprestimoController->runAction()
#10 /data/www/yii/framework/web/filters/CFilter.php(40): CFilterChain->run()
#11 /data/www/yii/framework/web/CController.php(1148): CAccessControlFilter->filter()
#12 /data/www/yii/framework/web/filters/CInlineFilter.php(58): EmprestimoController->filterAccessControl()
#13 /data/www/yii/framework/web/filters/CFilterChain.php(131): CInlineFilter->filter()
#14 /data/www/yii/framework/web/CController.php(291): CFilterChain->run()
#15 /data/www/yii/framework/web/CController.php(265): EmprestimoController->runActionWithFilters()
#16 /data/www/yii/framework/web/CWebApplication.php(282): EmprestimoController->run()
#17 /data/www/yii/framework/web/CWebApplication.php(141): CWebApplication->runController()
#18 /data/www/yii/framework/base/CApplication.php(185): CWebApplication->processRequest()
#19 /data/www/teste/index.php(13): CWebApplication->run()
REQUEST_URI=/teste/index.php?r=emprestimo/create
in /data/www/teste/protected/views/emprestimo/_form.php (48)
in /data/www/teste/protected/views/emprestimo/create.php (20)
in /data/www/teste/protected/controllers/EmprestimoController.php (78)
2019/09/05 17:42:51 [error] [php] explode() expects parameter 2 to be string, object given (/data/www/teste/protected/views/emprestimo/_form.php:48)
Stack trace:
#0 /data/www/yii/framework/web/CBaseController.php(95): EmprestimoController->renderInternal()
#1 /data/www/yii/framework/web/CController.php(872): EmprestimoController->renderFile()
#2 /data/www/teste/protected/views/emprestimo/create.php(20): EmprestimoController->renderPartial()
#3 /data/www/yii/framework/web/CBaseController.php(126): require()
#4 /data/www/yii/framework/web/CBaseController.php(95): EmprestimoController->renderInternal()
#5 /data/www/yii/framework/web/CController.php(872): EmprestimoController->renderFile()
#6 /data/www/yii/framework/web/CController.php(785): EmprestimoController->renderPartial()
#7 /data/www/teste/protected/controllers/EmprestimoController.php(78): EmprestimoController->render()
#8 /data/www/yii/framework/web/actions/CInlineAction.php(49): EmprestimoController->actionCreate()
#9 /data/www/yii/framework/web/CController.php(308): CInlineAction->runWithParams()
#10 /data/www/yii/framework/web/filters/CFilterChain.php(134): EmprestimoController->runAction()
#11 /data/www/yii/framework/web/filters/CFilter.php(40): CFilterChain->run()
#12 /data/www/yii/framework/web/CController.php(1148): CAccessControlFilter->filter()
#13 /data/www/yii/framework/web/filters/CInlineFilter.php(58): EmprestimoController->filterAccessControl()
#14 /data/www/yii/framework/web/filters/CFilterChain.php(131): CInlineFilter->filter()
#15 /data/www/yii/framework/web/CController.php(291): CFilterChain->run()
#16 /data/www/yii/framework/web/CController.php(265): EmprestimoController->runActionWithFilters()
#17 /data/www/yii/framework/web/CWebApplication.php(282): EmprestimoController->run()
#18 /data/www/yii/framework/web/CWebApplication.php(141): CWebApplication->runController()
#19 /data/www/yii/framework/base/CApplication.php(185): CWebApplication->processRequest()
#20 /data/www/teste/index.php(13): CWebApplication->run()
REQUEST_URI=/teste/index.php?r=emprestimo/create
in /data/www/teste/protected/views/emprestimo/_form.php (48)
in /data/www/teste/protected/views/emprestimo/create.php (20)
in /data/www/teste/protected/controllers/EmprestimoController.php (78)
2019/09/07 18:25:46 [error] [exception.CDbException] exception 'CDbException' with message 'CDbConnection failed to open the DB connection: SQLSTATE[HY000] [2002] Uma tentativa de conexo falhou porque o componente conectado no respondeu
corretamente aps um perodo de tempo ou a conexo estabelecida falhou
porque o host conectado no respondeu.
' in C:\xampp\htdocs\yii\framework\db\CDbConnection.php:399
Stack trace:
#0 C:\xampp\htdocs\yii\framework\db\CDbConnection.php(347): CDbConnection->open()
#1 C:\xampp\htdocs\yii\framework\db\CDbConnection.php(325): CDbConnection->setActive(true)
#2 C:\xampp\htdocs\yii\framework\base\CModule.php(394): CDbConnection->init()
#3 C:\xampp\htdocs\yii\framework\base\CApplication.php(459): CModule->getComponent('db')
#4 C:\xampp\htdocs\yii\framework\db\ar\CActiveRecord.php(639): CApplication->getDb()
#5 C:\xampp\htdocs\yii\framework\db\ar\CActiveRecord.php(672): CActiveRecord->getDbConnection()
#6 C:\xampp\htdocs\yii\framework\db\ar\CActiveRecord.php(1604): CActiveRecord->getCommandBuilder()
#7 C:\xampp\htdocs\yii\framework\web\CActiveDataProvider.php(228): CActiveRecord->count(Object(CDbCriteria))
#8 C:\xampp\htdocs\yii\framework\web\CDataProvider.php(224): CActiveDataProvider->calculateTotalItemCount()
#9 C:\xampp\htdocs\yii\framework\web\CActiveDataProvider.php(178): CDataProvider->getTotalItemCount()
#10 C:\xampp\htdocs\yii\framework\web\CDataProvider.php(168): CActiveDataProvider->fetchData()
#11 C:\xampp\htdocs\yii\framework\zii\widgets\CBaseListView.php(125): CDataProvider->getData()
#12 C:\xampp\htdocs\yii\framework\zii\widgets\CListView.php(211): CBaseListView->init()
#13 C:\xampp\htdocs\yii\framework\web\CBaseController.php(147): CListView->init()
#14 C:\xampp\htdocs\yii\framework\web\CBaseController.php(181): CBaseController->createWidget('zii.widgets.CLi...', Array)
#15 C:\xampp\htdocs\teste\protected\views\filmes\index.php(23): CBaseController->widget('zii.widgets.CLi...', Array)
#16 C:\xampp\htdocs\yii\framework\web\CBaseController.php(126): require('C:\\xampp\\htdocs...')
#17 C:\xampp\htdocs\yii\framework\web\CBaseController.php(95): CBaseController->renderInternal('C:\\xampp\\htdocs...', Array, true)
#18 C:\xampp\htdocs\yii\framework\web\CController.php(872): CBaseController->renderFile('C:\\xampp\\htdocs...', Array, true)
#19 C:\xampp\htdocs\yii\framework\web\CController.php(785): CController->renderPartial('index', Array, true)
#20 C:\xampp\htdocs\teste\protected\controllers\FilmesController.php(128): CController->render('index', Array)
#21 C:\xampp\htdocs\yii\framework\web\actions\CInlineAction.php(49): FilmesController->actionIndex()
#22 C:\xampp\htdocs\yii\framework\web\CController.php(308): CInlineAction->runWithParams(Array)
#23 C:\xampp\htdocs\yii\framework\web\filters\CFilterChain.php(134): CController->runAction(Object(CInlineAction))
#24 C:\xampp\htdocs\yii\framework\web\filters\CFilter.php(40): CFilterChain->run()
#25 C:\xampp\htdocs\yii\framework\web\CController.php(1148): CFilter->filter(Object(CFilterChain))
#26 C:\xampp\htdocs\yii\framework\web\filters\CInlineFilter.php(58): CController->filterAccessControl(Object(CFilterChain))
#27 C:\xampp\htdocs\yii\framework\web\filters\CFilterChain.php(131): CInlineFilter->filter(Object(CFilterChain))
#28 C:\xampp\htdocs\yii\framework\web\CController.php(291): CFilterChain->run()
#29 C:\xampp\htdocs\yii\framework\web\CController.php(265): CController->runActionWithFilters(Object(CInlineAction), Array)
#30 C:\xampp\htdocs\yii\framework\web\CWebApplication.php(282): CController->run('index')
#31 C:\xampp\htdocs\yii\framework\web\CWebApplication.php(141): CWebApplication->runController('filmes/index')
#32 C:\xampp\htdocs\yii\framework\base\CApplication.php(185): CWebApplication->processRequest()
#33 C:\xampp\htdocs\teste\index.php(13): CApplication->run()
#34 {main}
REQUEST_URI=/teste/index.php?r=filmes/index
HTTP_REFERER=http://localhost/teste/index.php
---
